ARM GAS  C:\Users\jarne\AppData\Local\Temp\ccljl5bg.s 			page 1


   1              		.cpu cortex-m0plus
   2              		.arch armv6s-m
   3              		.fpu softvfp
   4              		.eabi_attribute 20, 1
   5              		.eabi_attribute 21, 1
   6              		.eabi_attribute 23, 3
   7              		.eabi_attribute 24, 1
   8              		.eabi_attribute 25, 1
   9              		.eabi_attribute 26, 1
  10              		.eabi_attribute 30, 1
  11              		.eabi_attribute 34, 0
  12              		.eabi_attribute 18, 4
  13              		.file	"stm32l0xx_it.c"
  14              		.text
  15              	.Ltext0:
  16              		.cfi_sections	.debug_frame
  17              		.file 1 "Core/Src/stm32l0xx_it.c"
  18              		.section	.text.NMI_Handler,"ax",%progbits
  19              		.align	1
  20              		.global	NMI_Handler
  21              		.syntax unified
  22              		.code	16
  23              		.thumb_func
  25              	NMI_Handler:
  26              	.LFB40:
   1:Core/Src/stm32l0xx_it.c **** /* USER CODE BEGIN Header */
   2:Core/Src/stm32l0xx_it.c **** /**
   3:Core/Src/stm32l0xx_it.c ****   ******************************************************************************
   4:Core/Src/stm32l0xx_it.c ****   * @file    stm32l0xx_it.c
   5:Core/Src/stm32l0xx_it.c ****   * @brief   Interrupt Service Routines.
   6:Core/Src/stm32l0xx_it.c ****   ******************************************************************************
   7:Core/Src/stm32l0xx_it.c ****   * @attention
   8:Core/Src/stm32l0xx_it.c ****   *
   9:Core/Src/stm32l0xx_it.c ****   * <h2><center>&copy; Copyright (c) 2023 STMicroelectronics.
  10:Core/Src/stm32l0xx_it.c ****   * All rights reserved.</center></h2>
  11:Core/Src/stm32l0xx_it.c ****   *
  12:Core/Src/stm32l0xx_it.c ****   * This software component is licensed by ST under BSD 3-Clause license,
  13:Core/Src/stm32l0xx_it.c ****   * the "License"; You may not use this file except in compliance with the
  14:Core/Src/stm32l0xx_it.c ****   * License. You may obtain a copy of the License at:
  15:Core/Src/stm32l0xx_it.c ****   *                        opensource.org/licenses/BSD-3-Clause
  16:Core/Src/stm32l0xx_it.c ****   *
  17:Core/Src/stm32l0xx_it.c ****   ******************************************************************************
  18:Core/Src/stm32l0xx_it.c ****   */
  19:Core/Src/stm32l0xx_it.c **** /* USER CODE END Header */
  20:Core/Src/stm32l0xx_it.c **** 
  21:Core/Src/stm32l0xx_it.c **** /* Includes ------------------------------------------------------------------*/
  22:Core/Src/stm32l0xx_it.c **** #include "main.h"
  23:Core/Src/stm32l0xx_it.c **** #include "stm32l0xx_it.h"
  24:Core/Src/stm32l0xx_it.c **** /* Private includes ----------------------------------------------------------*/
  25:Core/Src/stm32l0xx_it.c **** /* USER CODE BEGIN Includes */
  26:Core/Src/stm32l0xx_it.c **** /* USER CODE END Includes */
  27:Core/Src/stm32l0xx_it.c **** 
  28:Core/Src/stm32l0xx_it.c **** /* Private typedef -----------------------------------------------------------*/
  29:Core/Src/stm32l0xx_it.c **** /* USER CODE BEGIN TD */
  30:Core/Src/stm32l0xx_it.c **** 
  31:Core/Src/stm32l0xx_it.c **** /* USER CODE END TD */
  32:Core/Src/stm32l0xx_it.c **** 
ARM GAS  C:\Users\jarne\AppData\Local\Temp\ccljl5bg.s 			page 2


  33:Core/Src/stm32l0xx_it.c **** /* Private define ------------------------------------------------------------*/
  34:Core/Src/stm32l0xx_it.c **** /* USER CODE BEGIN PD */
  35:Core/Src/stm32l0xx_it.c **** 
  36:Core/Src/stm32l0xx_it.c **** /* USER CODE END PD */
  37:Core/Src/stm32l0xx_it.c **** 
  38:Core/Src/stm32l0xx_it.c **** /* Private macro -------------------------------------------------------------*/
  39:Core/Src/stm32l0xx_it.c **** /* USER CODE BEGIN PM */
  40:Core/Src/stm32l0xx_it.c **** 
  41:Core/Src/stm32l0xx_it.c **** /* USER CODE END PM */
  42:Core/Src/stm32l0xx_it.c **** 
  43:Core/Src/stm32l0xx_it.c **** /* Private variables ---------------------------------------------------------*/
  44:Core/Src/stm32l0xx_it.c **** /* USER CODE BEGIN PV */
  45:Core/Src/stm32l0xx_it.c **** 
  46:Core/Src/stm32l0xx_it.c **** /* USER CODE END PV */
  47:Core/Src/stm32l0xx_it.c **** 
  48:Core/Src/stm32l0xx_it.c **** /* Private function prototypes -----------------------------------------------*/
  49:Core/Src/stm32l0xx_it.c **** /* USER CODE BEGIN PFP */
  50:Core/Src/stm32l0xx_it.c **** 
  51:Core/Src/stm32l0xx_it.c **** /* USER CODE END PFP */
  52:Core/Src/stm32l0xx_it.c **** 
  53:Core/Src/stm32l0xx_it.c **** /* Private user code ---------------------------------------------------------*/
  54:Core/Src/stm32l0xx_it.c **** /* USER CODE BEGIN 0 */
  55:Core/Src/stm32l0xx_it.c **** 
  56:Core/Src/stm32l0xx_it.c **** /* USER CODE END 0 */
  57:Core/Src/stm32l0xx_it.c **** 
  58:Core/Src/stm32l0xx_it.c **** /* External variables --------------------------------------------------------*/
  59:Core/Src/stm32l0xx_it.c **** extern TIM_HandleTypeDef htim2;
  60:Core/Src/stm32l0xx_it.c **** extern TIM_HandleTypeDef htim21;
  61:Core/Src/stm32l0xx_it.c **** /* USER CODE BEGIN EV */
  62:Core/Src/stm32l0xx_it.c **** 
  63:Core/Src/stm32l0xx_it.c **** /* USER CODE END EV */
  64:Core/Src/stm32l0xx_it.c **** 
  65:Core/Src/stm32l0xx_it.c **** /******************************************************************************/
  66:Core/Src/stm32l0xx_it.c **** /*           Cortex-M0+ Processor Interruption and Exception Handlers          */
  67:Core/Src/stm32l0xx_it.c **** /******************************************************************************/
  68:Core/Src/stm32l0xx_it.c **** /**
  69:Core/Src/stm32l0xx_it.c ****   * @brief This function handles Non maskable interrupt.
  70:Core/Src/stm32l0xx_it.c ****   */
  71:Core/Src/stm32l0xx_it.c **** void NMI_Handler(void)
  72:Core/Src/stm32l0xx_it.c **** {
  27              		.loc 1 72 1 view -0
  28              		.cfi_startproc
  29              		@ Volatile: function does not return.
  30              		@ args = 0, pretend = 0, frame = 0
  31              		@ frame_needed = 0, uses_anonymous_args = 0
  32              		@ link register save eliminated.
  33              	.L2:
  73:Core/Src/stm32l0xx_it.c ****   /* USER CODE BEGIN NonMaskableInt_IRQn 0 */
  74:Core/Src/stm32l0xx_it.c **** 
  75:Core/Src/stm32l0xx_it.c ****   /* USER CODE END NonMaskableInt_IRQn 0 */
  76:Core/Src/stm32l0xx_it.c ****   /* USER CODE BEGIN NonMaskableInt_IRQn 1 */
  77:Core/Src/stm32l0xx_it.c ****   while (1)
  34              		.loc 1 77 3 discriminator 1 view .LVU1
  78:Core/Src/stm32l0xx_it.c ****   {
  79:Core/Src/stm32l0xx_it.c ****   }
  35              		.loc 1 79 3 discriminator 1 view .LVU2
  77:Core/Src/stm32l0xx_it.c ****   {
ARM GAS  C:\Users\jarne\AppData\Local\Temp\ccljl5bg.s 			page 3


  36              		.loc 1 77 9 discriminator 1 view .LVU3
  37 0000 FEE7     		b	.L2
  38              		.cfi_endproc
  39              	.LFE40:
  41              		.section	.text.HardFault_Handler,"ax",%progbits
  42              		.align	1
  43              		.global	HardFault_Handler
  44              		.syntax unified
  45              		.code	16
  46              		.thumb_func
  48              	HardFault_Handler:
  49              	.LFB41:
  80:Core/Src/stm32l0xx_it.c ****   /* USER CODE END NonMaskableInt_IRQn 1 */
  81:Core/Src/stm32l0xx_it.c **** }
  82:Core/Src/stm32l0xx_it.c **** 
  83:Core/Src/stm32l0xx_it.c **** /**
  84:Core/Src/stm32l0xx_it.c ****   * @brief This function handles Hard fault interrupt.
  85:Core/Src/stm32l0xx_it.c ****   */
  86:Core/Src/stm32l0xx_it.c **** void HardFault_Handler(void)
  87:Core/Src/stm32l0xx_it.c **** {
  50              		.loc 1 87 1 view -0
  51              		.cfi_startproc
  52              		@ Volatile: function does not return.
  53              		@ args = 0, pretend = 0, frame = 0
  54              		@ frame_needed = 0, uses_anonymous_args = 0
  55              		@ link register save eliminated.
  56              	.L4:
  88:Core/Src/stm32l0xx_it.c ****   /* USER CODE BEGIN HardFault_IRQn 0 */
  89:Core/Src/stm32l0xx_it.c **** 
  90:Core/Src/stm32l0xx_it.c ****   /* USER CODE END HardFault_IRQn 0 */
  91:Core/Src/stm32l0xx_it.c ****   while (1)
  57              		.loc 1 91 3 discriminator 1 view .LVU5
  92:Core/Src/stm32l0xx_it.c ****   {
  93:Core/Src/stm32l0xx_it.c ****     /* USER CODE BEGIN W1_HardFault_IRQn 0 */
  94:Core/Src/stm32l0xx_it.c ****     /* USER CODE END W1_HardFault_IRQn 0 */
  95:Core/Src/stm32l0xx_it.c ****   }
  58              		.loc 1 95 3 discriminator 1 view .LVU6
  91:Core/Src/stm32l0xx_it.c ****   {
  59              		.loc 1 91 9 discriminator 1 view .LVU7
  60 0000 FEE7     		b	.L4
  61              		.cfi_endproc
  62              	.LFE41:
  64              		.section	.text.SVC_Handler,"ax",%progbits
  65              		.align	1
  66              		.global	SVC_Handler
  67              		.syntax unified
  68              		.code	16
  69              		.thumb_func
  71              	SVC_Handler:
  72              	.LFB42:
  96:Core/Src/stm32l0xx_it.c **** }
  97:Core/Src/stm32l0xx_it.c **** 
  98:Core/Src/stm32l0xx_it.c **** /**
  99:Core/Src/stm32l0xx_it.c ****   * @brief This function handles System service call via SWI instruction.
 100:Core/Src/stm32l0xx_it.c ****   */
 101:Core/Src/stm32l0xx_it.c **** void SVC_Handler(void)
 102:Core/Src/stm32l0xx_it.c **** {
ARM GAS  C:\Users\jarne\AppData\Local\Temp\ccljl5bg.s 			page 4


  73              		.loc 1 102 1 view -0
  74              		.cfi_startproc
  75              		@ args = 0, pretend = 0, frame = 0
  76              		@ frame_needed = 0, uses_anonymous_args = 0
  77              		@ link register save eliminated.
 103:Core/Src/stm32l0xx_it.c ****   /* USER CODE BEGIN SVC_IRQn 0 */
 104:Core/Src/stm32l0xx_it.c **** 
 105:Core/Src/stm32l0xx_it.c ****   /* USER CODE END SVC_IRQn 0 */
 106:Core/Src/stm32l0xx_it.c ****   /* USER CODE BEGIN SVC_IRQn 1 */
 107:Core/Src/stm32l0xx_it.c **** 
 108:Core/Src/stm32l0xx_it.c ****   /* USER CODE END SVC_IRQn 1 */
 109:Core/Src/stm32l0xx_it.c **** }
  78              		.loc 1 109 1 view .LVU9
  79              		@ sp needed
  80 0000 7047     		bx	lr
  81              		.cfi_endproc
  82              	.LFE42:
  84              		.section	.text.PendSV_Handler,"ax",%progbits
  85              		.align	1
  86              		.global	PendSV_Handler
  87              		.syntax unified
  88              		.code	16
  89              		.thumb_func
  91              	PendSV_Handler:
  92              	.LFB43:
 110:Core/Src/stm32l0xx_it.c **** 
 111:Core/Src/stm32l0xx_it.c **** /**
 112:Core/Src/stm32l0xx_it.c ****   * @brief This function handles Pendable request for system service.
 113:Core/Src/stm32l0xx_it.c ****   */
 114:Core/Src/stm32l0xx_it.c **** void PendSV_Handler(void)
 115:Core/Src/stm32l0xx_it.c **** {
  93              		.loc 1 115 1 view -0
  94              		.cfi_startproc
  95              		@ args = 0, pretend = 0, frame = 0
  96              		@ frame_needed = 0, uses_anonymous_args = 0
  97              		@ link register save eliminated.
 116:Core/Src/stm32l0xx_it.c ****   /* USER CODE BEGIN PendSV_IRQn 0 */
 117:Core/Src/stm32l0xx_it.c **** 
 118:Core/Src/stm32l0xx_it.c ****   /* USER CODE END PendSV_IRQn 0 */
 119:Core/Src/stm32l0xx_it.c ****   /* USER CODE BEGIN PendSV_IRQn 1 */
 120:Core/Src/stm32l0xx_it.c **** 
 121:Core/Src/stm32l0xx_it.c ****   /* USER CODE END PendSV_IRQn 1 */
 122:Core/Src/stm32l0xx_it.c **** }
  98              		.loc 1 122 1 view .LVU11
  99              		@ sp needed
 100 0000 7047     		bx	lr
 101              		.cfi_endproc
 102              	.LFE43:
 104              		.section	.text.SysTick_Handler,"ax",%progbits
 105              		.align	1
 106              		.global	SysTick_Handler
 107              		.syntax unified
 108              		.code	16
 109              		.thumb_func
 111              	SysTick_Handler:
 112              	.LFB44:
 123:Core/Src/stm32l0xx_it.c **** 
ARM GAS  C:\Users\jarne\AppData\Local\Temp\ccljl5bg.s 			page 5


 124:Core/Src/stm32l0xx_it.c **** /**
 125:Core/Src/stm32l0xx_it.c ****   * @brief This function handles System tick timer.
 126:Core/Src/stm32l0xx_it.c ****   */
 127:Core/Src/stm32l0xx_it.c **** void SysTick_Handler(void)
 128:Core/Src/stm32l0xx_it.c **** {
 113              		.loc 1 128 1 view -0
 114              		.cfi_startproc
 115              		@ args = 0, pretend = 0, frame = 0
 116              		@ frame_needed = 0, uses_anonymous_args = 0
 117 0000 10B5     		push	{r4, lr}
 118              		.cfi_def_cfa_offset 8
 119              		.cfi_offset 4, -8
 120              		.cfi_offset 14, -4
 129:Core/Src/stm32l0xx_it.c ****   /* USER CODE BEGIN SysTick_IRQn 0 */
 130:Core/Src/stm32l0xx_it.c **** 
 131:Core/Src/stm32l0xx_it.c ****   /* USER CODE END SysTick_IRQn 0 */
 132:Core/Src/stm32l0xx_it.c ****   HAL_IncTick();
 121              		.loc 1 132 3 view .LVU13
 122 0002 FFF7FEFF 		bl	HAL_IncTick
 123              	.LVL0:
 133:Core/Src/stm32l0xx_it.c ****   /* USER CODE BEGIN SysTick_IRQn 1 */
 134:Core/Src/stm32l0xx_it.c **** 
 135:Core/Src/stm32l0xx_it.c ****   /* USER CODE END SysTick_IRQn 1 */
 136:Core/Src/stm32l0xx_it.c **** }
 124              		.loc 1 136 1 is_stmt 0 view .LVU14
 125              		@ sp needed
 126 0006 10BD     		pop	{r4, pc}
 127              		.cfi_endproc
 128              	.LFE44:
 130              		.section	.text.TIM2_IRQHandler,"ax",%progbits
 131              		.align	1
 132              		.global	TIM2_IRQHandler
 133              		.syntax unified
 134              		.code	16
 135              		.thumb_func
 137              	TIM2_IRQHandler:
 138              	.LFB45:
 137:Core/Src/stm32l0xx_it.c **** 
 138:Core/Src/stm32l0xx_it.c **** /******************************************************************************/
 139:Core/Src/stm32l0xx_it.c **** /* STM32L0xx Peripheral Interrupt Handlers                                    */
 140:Core/Src/stm32l0xx_it.c **** /* Add here the Interrupt Handlers for the used peripherals.                  */
 141:Core/Src/stm32l0xx_it.c **** /* For the available peripheral interrupt handler names,                      */
 142:Core/Src/stm32l0xx_it.c **** /* please refer to the startup file (startup_stm32l0xx.s).                    */
 143:Core/Src/stm32l0xx_it.c **** /******************************************************************************/
 144:Core/Src/stm32l0xx_it.c **** 
 145:Core/Src/stm32l0xx_it.c **** /**
 146:Core/Src/stm32l0xx_it.c ****   * @brief This function handles TIM2 global interrupt.
 147:Core/Src/stm32l0xx_it.c ****   */
 148:Core/Src/stm32l0xx_it.c **** void TIM2_IRQHandler(void)
 149:Core/Src/stm32l0xx_it.c **** {
 139              		.loc 1 149 1 is_stmt 1 view -0
 140              		.cfi_startproc
 141              		@ args = 0, pretend = 0, frame = 0
 142              		@ frame_needed = 0, uses_anonymous_args = 0
 143 0000 10B5     		push	{r4, lr}
 144              		.cfi_def_cfa_offset 8
 145              		.cfi_offset 4, -8
ARM GAS  C:\Users\jarne\AppData\Local\Temp\ccljl5bg.s 			page 6


 146              		.cfi_offset 14, -4
 150:Core/Src/stm32l0xx_it.c ****   /* USER CODE BEGIN TIM2_IRQn 0 */
 151:Core/Src/stm32l0xx_it.c **** 
 152:Core/Src/stm32l0xx_it.c ****   /* USER CODE END TIM2_IRQn 0 */
 153:Core/Src/stm32l0xx_it.c ****   HAL_TIM_IRQHandler(&htim2);
 147              		.loc 1 153 3 view .LVU16
 148 0002 0248     		ldr	r0, .L9
 149 0004 FFF7FEFF 		bl	HAL_TIM_IRQHandler
 150              	.LVL1:
 154:Core/Src/stm32l0xx_it.c ****   /* USER CODE BEGIN TIM2_IRQn 1 */
 155:Core/Src/stm32l0xx_it.c **** 
 156:Core/Src/stm32l0xx_it.c ****   /* USER CODE END TIM2_IRQn 1 */
 157:Core/Src/stm32l0xx_it.c **** }
 151              		.loc 1 157 1 is_stmt 0 view .LVU17
 152              		@ sp needed
 153 0008 10BD     		pop	{r4, pc}
 154              	.L10:
 155 000a C046     		.align	2
 156              	.L9:
 157 000c 00000000 		.word	htim2
 158              		.cfi_endproc
 159              	.LFE45:
 161              		.section	.text.TIM21_IRQHandler,"ax",%progbits
 162              		.align	1
 163              		.global	TIM21_IRQHandler
 164              		.syntax unified
 165              		.code	16
 166              		.thumb_func
 168              	TIM21_IRQHandler:
 169              	.LFB46:
 158:Core/Src/stm32l0xx_it.c **** 
 159:Core/Src/stm32l0xx_it.c **** /**
 160:Core/Src/stm32l0xx_it.c ****   * @brief This function handles TIM21 global interrupt.
 161:Core/Src/stm32l0xx_it.c ****   */
 162:Core/Src/stm32l0xx_it.c **** void TIM21_IRQHandler(void)
 163:Core/Src/stm32l0xx_it.c **** {
 170              		.loc 1 163 1 is_stmt 1 view -0
 171              		.cfi_startproc
 172              		@ args = 0, pretend = 0, frame = 0
 173              		@ frame_needed = 0, uses_anonymous_args = 0
 174 0000 10B5     		push	{r4, lr}
 175              		.cfi_def_cfa_offset 8
 176              		.cfi_offset 4, -8
 177              		.cfi_offset 14, -4
 164:Core/Src/stm32l0xx_it.c ****   /* USER CODE BEGIN TIM21_IRQn 0 */
 165:Core/Src/stm32l0xx_it.c **** 
 166:Core/Src/stm32l0xx_it.c ****   /* USER CODE END TIM21_IRQn 0 */
 167:Core/Src/stm32l0xx_it.c ****   HAL_TIM_IRQHandler(&htim21);
 178              		.loc 1 167 3 view .LVU19
 179 0002 0248     		ldr	r0, .L12
 180 0004 FFF7FEFF 		bl	HAL_TIM_IRQHandler
 181              	.LVL2:
 168:Core/Src/stm32l0xx_it.c ****   /* USER CODE BEGIN TIM21_IRQn 1 */
 169:Core/Src/stm32l0xx_it.c **** 
 170:Core/Src/stm32l0xx_it.c ****   /* USER CODE END TIM21_IRQn 1 */
 171:Core/Src/stm32l0xx_it.c **** }
 182              		.loc 1 171 1 is_stmt 0 view .LVU20
ARM GAS  C:\Users\jarne\AppData\Local\Temp\ccljl5bg.s 			page 7


 183              		@ sp needed
 184 0008 10BD     		pop	{r4, pc}
 185              	.L13:
 186 000a C046     		.align	2
 187              	.L12:
 188 000c 00000000 		.word	htim21
 189              		.cfi_endproc
 190              	.LFE46:
 192              		.text
 193              	.Letext0:
 194              		.file 2 "c:\\users\\jarne\\appdata\\roaming\\code\\user\\globalstorage\\bmd.stm32-for-vscode\\@xpa
 195              		.file 3 "c:\\users\\jarne\\appdata\\roaming\\code\\user\\globalstorage\\bmd.stm32-for-vscode\\@xpa
 196              		.file 4 "Drivers/CMSIS/Device/ST/STM32L0xx/Include/stm32l011xx.h"
 197              		.file 5 "Drivers/STM32L0xx_HAL_Driver/Inc/stm32l0xx_hal_def.h"
 198              		.file 6 "Drivers/STM32L0xx_HAL_Driver/Inc/stm32l0xx_hal_dma.h"
 199              		.file 7 "Drivers/STM32L0xx_HAL_Driver/Inc/stm32l0xx_hal_tim.h"
 200              		.file 8 "Drivers/STM32L0xx_HAL_Driver/Inc/stm32l0xx_hal.h"
ARM GAS  C:\Users\jarne\AppData\Local\Temp\ccljl5bg.s 			page 8


DEFINED SYMBOLS
                            *ABS*:0000000000000000 stm32l0xx_it.c
C:\Users\jarne\AppData\Local\Temp\ccljl5bg.s:19     .text.NMI_Handler:0000000000000000 $t
C:\Users\jarne\AppData\Local\Temp\ccljl5bg.s:25     .text.NMI_Handler:0000000000000000 NMI_Handler
C:\Users\jarne\AppData\Local\Temp\ccljl5bg.s:42     .text.HardFault_Handler:0000000000000000 $t
C:\Users\jarne\AppData\Local\Temp\ccljl5bg.s:48     .text.HardFault_Handler:0000000000000000 HardFault_Handler
C:\Users\jarne\AppData\Local\Temp\ccljl5bg.s:65     .text.SVC_Handler:0000000000000000 $t
C:\Users\jarne\AppData\Local\Temp\ccljl5bg.s:71     .text.SVC_Handler:0000000000000000 SVC_Handler
C:\Users\jarne\AppData\Local\Temp\ccljl5bg.s:85     .text.PendSV_Handler:0000000000000000 $t
C:\Users\jarne\AppData\Local\Temp\ccljl5bg.s:91     .text.PendSV_Handler:0000000000000000 PendSV_Handler
C:\Users\jarne\AppData\Local\Temp\ccljl5bg.s:105    .text.SysTick_Handler:0000000000000000 $t
C:\Users\jarne\AppData\Local\Temp\ccljl5bg.s:111    .text.SysTick_Handler:0000000000000000 SysTick_Handler
C:\Users\jarne\AppData\Local\Temp\ccljl5bg.s:131    .text.TIM2_IRQHandler:0000000000000000 $t
C:\Users\jarne\AppData\Local\Temp\ccljl5bg.s:137    .text.TIM2_IRQHandler:0000000000000000 TIM2_IRQHandler
C:\Users\jarne\AppData\Local\Temp\ccljl5bg.s:157    .text.TIM2_IRQHandler:000000000000000c $d
C:\Users\jarne\AppData\Local\Temp\ccljl5bg.s:162    .text.TIM21_IRQHandler:0000000000000000 $t
C:\Users\jarne\AppData\Local\Temp\ccljl5bg.s:168    .text.TIM21_IRQHandler:0000000000000000 TIM21_IRQHandler
C:\Users\jarne\AppData\Local\Temp\ccljl5bg.s:188    .text.TIM21_IRQHandler:000000000000000c $d

UNDEFINED SYMBOLS
HAL_IncTick
HAL_TIM_IRQHandler
htim2
htim21
