ARM GAS  C:\Users\jarne\AppData\Local\Temp\ccVk9lmc.s 			page 1


   1              		.cpu cortex-m0plus
   2              		.arch armv6s-m
   3              		.fpu softvfp
   4              		.eabi_attribute 20, 1
   5              		.eabi_attribute 21, 1
   6              		.eabi_attribute 23, 3
   7              		.eabi_attribute 24, 1
   8              		.eabi_attribute 25, 1
   9              		.eabi_attribute 26, 1
  10              		.eabi_attribute 30, 1
  11              		.eabi_attribute 34, 0
  12              		.eabi_attribute 18, 4
  13              		.file	"stm32l0xx_hal_exti.c"
  14              		.text
  15              	.Ltext0:
  16              		.cfi_sections	.debug_frame
  17              		.file 1 "Drivers/STM32L0xx_HAL_Driver/Src/stm32l0xx_hal_exti.c"
  18              		.section	.text.HAL_EXTI_SetConfigLine,"ax",%progbits
  19              		.align	1
  20              		.global	HAL_EXTI_SetConfigLine
  21              		.syntax unified
  22              		.code	16
  23              		.thumb_func
  25              	HAL_EXTI_SetConfigLine:
  26              	.LVL0:
  27              	.LFB40:
   1:Drivers/STM32L0xx_HAL_Driver/Src/stm32l0xx_hal_exti.c **** /**
   2:Drivers/STM32L0xx_HAL_Driver/Src/stm32l0xx_hal_exti.c ****   ******************************************************************************
   3:Drivers/STM32L0xx_HAL_Driver/Src/stm32l0xx_hal_exti.c ****   * @file    stm32l0xx_hal_exti.c
   4:Drivers/STM32L0xx_HAL_Driver/Src/stm32l0xx_hal_exti.c ****   * @author  MCD Application Team
   5:Drivers/STM32L0xx_HAL_Driver/Src/stm32l0xx_hal_exti.c ****   * @brief   EXTI HAL module driver.
   6:Drivers/STM32L0xx_HAL_Driver/Src/stm32l0xx_hal_exti.c ****   *          This file provides firmware functions to manage the following
   7:Drivers/STM32L0xx_HAL_Driver/Src/stm32l0xx_hal_exti.c ****   *          functionalities of the Extended Interrupts and events controller (EXTI) peripheral:
   8:Drivers/STM32L0xx_HAL_Driver/Src/stm32l0xx_hal_exti.c ****   *           + Initialization and de-initialization functions
   9:Drivers/STM32L0xx_HAL_Driver/Src/stm32l0xx_hal_exti.c ****   *           + IO operation functions
  10:Drivers/STM32L0xx_HAL_Driver/Src/stm32l0xx_hal_exti.c ****   *
  11:Drivers/STM32L0xx_HAL_Driver/Src/stm32l0xx_hal_exti.c ****   @verbatim
  12:Drivers/STM32L0xx_HAL_Driver/Src/stm32l0xx_hal_exti.c ****   ==============================================================================
  13:Drivers/STM32L0xx_HAL_Driver/Src/stm32l0xx_hal_exti.c ****                     ##### EXTI Peripheral features #####
  14:Drivers/STM32L0xx_HAL_Driver/Src/stm32l0xx_hal_exti.c ****   ==============================================================================
  15:Drivers/STM32L0xx_HAL_Driver/Src/stm32l0xx_hal_exti.c ****   [..]
  16:Drivers/STM32L0xx_HAL_Driver/Src/stm32l0xx_hal_exti.c ****     (+) Each Exti line can be configured within this driver.
  17:Drivers/STM32L0xx_HAL_Driver/Src/stm32l0xx_hal_exti.c **** 
  18:Drivers/STM32L0xx_HAL_Driver/Src/stm32l0xx_hal_exti.c ****     (+) Exti line can be configured in 3 different modes
  19:Drivers/STM32L0xx_HAL_Driver/Src/stm32l0xx_hal_exti.c ****         (++) Interrupt
  20:Drivers/STM32L0xx_HAL_Driver/Src/stm32l0xx_hal_exti.c ****         (++) Event
  21:Drivers/STM32L0xx_HAL_Driver/Src/stm32l0xx_hal_exti.c ****         (++) Both of them
  22:Drivers/STM32L0xx_HAL_Driver/Src/stm32l0xx_hal_exti.c **** 
  23:Drivers/STM32L0xx_HAL_Driver/Src/stm32l0xx_hal_exti.c ****     (+) Configurable Exti lines can be configured with 3 different triggers
  24:Drivers/STM32L0xx_HAL_Driver/Src/stm32l0xx_hal_exti.c ****         (++) Rising
  25:Drivers/STM32L0xx_HAL_Driver/Src/stm32l0xx_hal_exti.c ****         (++) Falling
  26:Drivers/STM32L0xx_HAL_Driver/Src/stm32l0xx_hal_exti.c ****         (++) Both of them
  27:Drivers/STM32L0xx_HAL_Driver/Src/stm32l0xx_hal_exti.c **** 
  28:Drivers/STM32L0xx_HAL_Driver/Src/stm32l0xx_hal_exti.c ****     (+) When set in interrupt mode, configurable Exti lines have two different
  29:Drivers/STM32L0xx_HAL_Driver/Src/stm32l0xx_hal_exti.c ****         interrupts pending registers which allow to distinguish which transition
  30:Drivers/STM32L0xx_HAL_Driver/Src/stm32l0xx_hal_exti.c ****         occurs:
  31:Drivers/STM32L0xx_HAL_Driver/Src/stm32l0xx_hal_exti.c ****         (++) Rising edge pending interrupt
ARM GAS  C:\Users\jarne\AppData\Local\Temp\ccVk9lmc.s 			page 2


  32:Drivers/STM32L0xx_HAL_Driver/Src/stm32l0xx_hal_exti.c ****         (++) Falling
  33:Drivers/STM32L0xx_HAL_Driver/Src/stm32l0xx_hal_exti.c **** 
  34:Drivers/STM32L0xx_HAL_Driver/Src/stm32l0xx_hal_exti.c ****     (+) Exti lines 0 to 15 are linked to gpio pin number 0 to 15. Gpio port can
  35:Drivers/STM32L0xx_HAL_Driver/Src/stm32l0xx_hal_exti.c ****         be selected through multiplexer.
  36:Drivers/STM32L0xx_HAL_Driver/Src/stm32l0xx_hal_exti.c **** 
  37:Drivers/STM32L0xx_HAL_Driver/Src/stm32l0xx_hal_exti.c ****                      ##### How to use this driver #####
  38:Drivers/STM32L0xx_HAL_Driver/Src/stm32l0xx_hal_exti.c ****   ==============================================================================
  39:Drivers/STM32L0xx_HAL_Driver/Src/stm32l0xx_hal_exti.c ****   [..]
  40:Drivers/STM32L0xx_HAL_Driver/Src/stm32l0xx_hal_exti.c **** 
  41:Drivers/STM32L0xx_HAL_Driver/Src/stm32l0xx_hal_exti.c ****     (#) Configure the EXTI line using HAL_EXTI_SetConfigLine().
  42:Drivers/STM32L0xx_HAL_Driver/Src/stm32l0xx_hal_exti.c ****         (++) Choose the interrupt line number by setting "Line" member from
  43:Drivers/STM32L0xx_HAL_Driver/Src/stm32l0xx_hal_exti.c ****              EXTI_ConfigTypeDef structure.
  44:Drivers/STM32L0xx_HAL_Driver/Src/stm32l0xx_hal_exti.c ****         (++) Configure the interrupt and/or event mode using "Mode" member from
  45:Drivers/STM32L0xx_HAL_Driver/Src/stm32l0xx_hal_exti.c ****              EXTI_ConfigTypeDef structure.
  46:Drivers/STM32L0xx_HAL_Driver/Src/stm32l0xx_hal_exti.c ****         (++) For configurable lines, configure rising and/or falling trigger
  47:Drivers/STM32L0xx_HAL_Driver/Src/stm32l0xx_hal_exti.c ****              "Trigger" member from EXTI_ConfigTypeDef structure.
  48:Drivers/STM32L0xx_HAL_Driver/Src/stm32l0xx_hal_exti.c ****         (++) For Exti lines linked to gpio, choose gpio port using "GPIOSel"
  49:Drivers/STM32L0xx_HAL_Driver/Src/stm32l0xx_hal_exti.c ****              member from GPIO_InitTypeDef structure.
  50:Drivers/STM32L0xx_HAL_Driver/Src/stm32l0xx_hal_exti.c **** 
  51:Drivers/STM32L0xx_HAL_Driver/Src/stm32l0xx_hal_exti.c ****     (#) Get current Exti configuration of a dedicated line using
  52:Drivers/STM32L0xx_HAL_Driver/Src/stm32l0xx_hal_exti.c ****         HAL_EXTI_GetConfigLine().
  53:Drivers/STM32L0xx_HAL_Driver/Src/stm32l0xx_hal_exti.c ****         (++) Provide exiting handle as parameter.
  54:Drivers/STM32L0xx_HAL_Driver/Src/stm32l0xx_hal_exti.c ****         (++) Provide pointer on EXTI_ConfigTypeDef structure as second parameter.
  55:Drivers/STM32L0xx_HAL_Driver/Src/stm32l0xx_hal_exti.c **** 
  56:Drivers/STM32L0xx_HAL_Driver/Src/stm32l0xx_hal_exti.c ****     (#) Clear Exti configuration of a dedicated line using HAL_EXTI_GetConfigLine().
  57:Drivers/STM32L0xx_HAL_Driver/Src/stm32l0xx_hal_exti.c ****         (++) Provide exiting handle as parameter.
  58:Drivers/STM32L0xx_HAL_Driver/Src/stm32l0xx_hal_exti.c **** 
  59:Drivers/STM32L0xx_HAL_Driver/Src/stm32l0xx_hal_exti.c ****     (#) Register callback to treat Exti interrupts using HAL_EXTI_RegisterCallback().
  60:Drivers/STM32L0xx_HAL_Driver/Src/stm32l0xx_hal_exti.c ****         (++) Provide exiting handle as first parameter.
  61:Drivers/STM32L0xx_HAL_Driver/Src/stm32l0xx_hal_exti.c ****         (++) Provide which callback will be registered using one value from
  62:Drivers/STM32L0xx_HAL_Driver/Src/stm32l0xx_hal_exti.c ****              EXTI_CallbackIDTypeDef.
  63:Drivers/STM32L0xx_HAL_Driver/Src/stm32l0xx_hal_exti.c ****         (++) Provide callback function pointer.
  64:Drivers/STM32L0xx_HAL_Driver/Src/stm32l0xx_hal_exti.c **** 
  65:Drivers/STM32L0xx_HAL_Driver/Src/stm32l0xx_hal_exti.c ****     (#) Get interrupt pending bit using HAL_EXTI_GetPending().
  66:Drivers/STM32L0xx_HAL_Driver/Src/stm32l0xx_hal_exti.c **** 
  67:Drivers/STM32L0xx_HAL_Driver/Src/stm32l0xx_hal_exti.c ****     (#) Clear interrupt pending bit using HAL_EXTI_GetPending().
  68:Drivers/STM32L0xx_HAL_Driver/Src/stm32l0xx_hal_exti.c **** 
  69:Drivers/STM32L0xx_HAL_Driver/Src/stm32l0xx_hal_exti.c ****     (#) Generate software interrupt using HAL_EXTI_GenerateSWI().
  70:Drivers/STM32L0xx_HAL_Driver/Src/stm32l0xx_hal_exti.c **** 
  71:Drivers/STM32L0xx_HAL_Driver/Src/stm32l0xx_hal_exti.c ****   @endverbatim
  72:Drivers/STM32L0xx_HAL_Driver/Src/stm32l0xx_hal_exti.c ****   ******************************************************************************
  73:Drivers/STM32L0xx_HAL_Driver/Src/stm32l0xx_hal_exti.c ****   * @attention
  74:Drivers/STM32L0xx_HAL_Driver/Src/stm32l0xx_hal_exti.c ****   *
  75:Drivers/STM32L0xx_HAL_Driver/Src/stm32l0xx_hal_exti.c ****   * <h2><center>&copy; Copyright (c) 2019 STMicroelectronics.
  76:Drivers/STM32L0xx_HAL_Driver/Src/stm32l0xx_hal_exti.c ****   * All rights reserved.</center></h2>
  77:Drivers/STM32L0xx_HAL_Driver/Src/stm32l0xx_hal_exti.c ****   *
  78:Drivers/STM32L0xx_HAL_Driver/Src/stm32l0xx_hal_exti.c ****   * This software component is licensed by ST under BSD 3-Clause license,
  79:Drivers/STM32L0xx_HAL_Driver/Src/stm32l0xx_hal_exti.c ****   * the "License"; You may not use this file except in compliance with the
  80:Drivers/STM32L0xx_HAL_Driver/Src/stm32l0xx_hal_exti.c ****   * License. You may obtain a copy of the License at:
  81:Drivers/STM32L0xx_HAL_Driver/Src/stm32l0xx_hal_exti.c ****   *                        opensource.org/licenses/BSD-3-Clause
  82:Drivers/STM32L0xx_HAL_Driver/Src/stm32l0xx_hal_exti.c ****   *
  83:Drivers/STM32L0xx_HAL_Driver/Src/stm32l0xx_hal_exti.c ****   ******************************************************************************
  84:Drivers/STM32L0xx_HAL_Driver/Src/stm32l0xx_hal_exti.c ****   */
  85:Drivers/STM32L0xx_HAL_Driver/Src/stm32l0xx_hal_exti.c **** 
  86:Drivers/STM32L0xx_HAL_Driver/Src/stm32l0xx_hal_exti.c **** /* Includes ------------------------------------------------------------------*/
  87:Drivers/STM32L0xx_HAL_Driver/Src/stm32l0xx_hal_exti.c **** #include "stm32l0xx_hal.h"
  88:Drivers/STM32L0xx_HAL_Driver/Src/stm32l0xx_hal_exti.c **** 
ARM GAS  C:\Users\jarne\AppData\Local\Temp\ccVk9lmc.s 			page 3


  89:Drivers/STM32L0xx_HAL_Driver/Src/stm32l0xx_hal_exti.c **** /** @addtogroup STM32L0xx_HAL_Driver
  90:Drivers/STM32L0xx_HAL_Driver/Src/stm32l0xx_hal_exti.c ****   * @{
  91:Drivers/STM32L0xx_HAL_Driver/Src/stm32l0xx_hal_exti.c ****   */
  92:Drivers/STM32L0xx_HAL_Driver/Src/stm32l0xx_hal_exti.c **** 
  93:Drivers/STM32L0xx_HAL_Driver/Src/stm32l0xx_hal_exti.c **** /** @addtogroup EXTI
  94:Drivers/STM32L0xx_HAL_Driver/Src/stm32l0xx_hal_exti.c ****   * @{
  95:Drivers/STM32L0xx_HAL_Driver/Src/stm32l0xx_hal_exti.c ****   */
  96:Drivers/STM32L0xx_HAL_Driver/Src/stm32l0xx_hal_exti.c **** /** MISRA C:2012 deviation rule has been granted for following rule:
  97:Drivers/STM32L0xx_HAL_Driver/Src/stm32l0xx_hal_exti.c ****   * Rule-18.1_b - Medium: Array `EXTICR' 1st subscript interval [0,7] may be out
  98:Drivers/STM32L0xx_HAL_Driver/Src/stm32l0xx_hal_exti.c ****   * of bounds [0,3] in following API :
  99:Drivers/STM32L0xx_HAL_Driver/Src/stm32l0xx_hal_exti.c ****   * HAL_EXTI_SetConfigLine
 100:Drivers/STM32L0xx_HAL_Driver/Src/stm32l0xx_hal_exti.c ****   * HAL_EXTI_GetConfigLine
 101:Drivers/STM32L0xx_HAL_Driver/Src/stm32l0xx_hal_exti.c ****   * HAL_EXTI_ClearConfigLine
 102:Drivers/STM32L0xx_HAL_Driver/Src/stm32l0xx_hal_exti.c ****   */
 103:Drivers/STM32L0xx_HAL_Driver/Src/stm32l0xx_hal_exti.c **** 
 104:Drivers/STM32L0xx_HAL_Driver/Src/stm32l0xx_hal_exti.c **** #ifdef HAL_EXTI_MODULE_ENABLED
 105:Drivers/STM32L0xx_HAL_Driver/Src/stm32l0xx_hal_exti.c **** 
 106:Drivers/STM32L0xx_HAL_Driver/Src/stm32l0xx_hal_exti.c **** /* Private typedef -----------------------------------------------------------*/
 107:Drivers/STM32L0xx_HAL_Driver/Src/stm32l0xx_hal_exti.c **** /* Private defines -----------------------------------------------------------*/
 108:Drivers/STM32L0xx_HAL_Driver/Src/stm32l0xx_hal_exti.c **** /** @defgroup EXTI_Private_Constants EXTI Private Constants
 109:Drivers/STM32L0xx_HAL_Driver/Src/stm32l0xx_hal_exti.c ****   * @{
 110:Drivers/STM32L0xx_HAL_Driver/Src/stm32l0xx_hal_exti.c ****   */
 111:Drivers/STM32L0xx_HAL_Driver/Src/stm32l0xx_hal_exti.c **** 
 112:Drivers/STM32L0xx_HAL_Driver/Src/stm32l0xx_hal_exti.c **** /**
 113:Drivers/STM32L0xx_HAL_Driver/Src/stm32l0xx_hal_exti.c ****   * @}
 114:Drivers/STM32L0xx_HAL_Driver/Src/stm32l0xx_hal_exti.c ****   */
 115:Drivers/STM32L0xx_HAL_Driver/Src/stm32l0xx_hal_exti.c **** 
 116:Drivers/STM32L0xx_HAL_Driver/Src/stm32l0xx_hal_exti.c **** /* Private macros ------------------------------------------------------------*/
 117:Drivers/STM32L0xx_HAL_Driver/Src/stm32l0xx_hal_exti.c **** /* Private variables ---------------------------------------------------------*/
 118:Drivers/STM32L0xx_HAL_Driver/Src/stm32l0xx_hal_exti.c **** /* Private function prototypes -----------------------------------------------*/
 119:Drivers/STM32L0xx_HAL_Driver/Src/stm32l0xx_hal_exti.c **** /* Exported functions --------------------------------------------------------*/
 120:Drivers/STM32L0xx_HAL_Driver/Src/stm32l0xx_hal_exti.c **** 
 121:Drivers/STM32L0xx_HAL_Driver/Src/stm32l0xx_hal_exti.c **** /** @addtogroup EXTI_Exported_Functions
 122:Drivers/STM32L0xx_HAL_Driver/Src/stm32l0xx_hal_exti.c ****   * @{
 123:Drivers/STM32L0xx_HAL_Driver/Src/stm32l0xx_hal_exti.c ****   */
 124:Drivers/STM32L0xx_HAL_Driver/Src/stm32l0xx_hal_exti.c **** 
 125:Drivers/STM32L0xx_HAL_Driver/Src/stm32l0xx_hal_exti.c **** /** @addtogroup EXTI_Exported_Functions_Group1
 126:Drivers/STM32L0xx_HAL_Driver/Src/stm32l0xx_hal_exti.c ****   *  @brief    Configuration functions
 127:Drivers/STM32L0xx_HAL_Driver/Src/stm32l0xx_hal_exti.c ****   *
 128:Drivers/STM32L0xx_HAL_Driver/Src/stm32l0xx_hal_exti.c **** @verbatim
 129:Drivers/STM32L0xx_HAL_Driver/Src/stm32l0xx_hal_exti.c ****  ===============================================================================
 130:Drivers/STM32L0xx_HAL_Driver/Src/stm32l0xx_hal_exti.c ****               ##### Configuration functions #####
 131:Drivers/STM32L0xx_HAL_Driver/Src/stm32l0xx_hal_exti.c ****  ===============================================================================
 132:Drivers/STM32L0xx_HAL_Driver/Src/stm32l0xx_hal_exti.c **** 
 133:Drivers/STM32L0xx_HAL_Driver/Src/stm32l0xx_hal_exti.c **** @endverbatim
 134:Drivers/STM32L0xx_HAL_Driver/Src/stm32l0xx_hal_exti.c ****   * @{
 135:Drivers/STM32L0xx_HAL_Driver/Src/stm32l0xx_hal_exti.c ****   */
 136:Drivers/STM32L0xx_HAL_Driver/Src/stm32l0xx_hal_exti.c **** 
 137:Drivers/STM32L0xx_HAL_Driver/Src/stm32l0xx_hal_exti.c **** /**
 138:Drivers/STM32L0xx_HAL_Driver/Src/stm32l0xx_hal_exti.c ****   * @brief  Set configuration of a dedicated Exti line.
 139:Drivers/STM32L0xx_HAL_Driver/Src/stm32l0xx_hal_exti.c ****   * @param  hexti Exti handle.
 140:Drivers/STM32L0xx_HAL_Driver/Src/stm32l0xx_hal_exti.c ****   * @param  pExtiConfig Pointer on EXTI configuration to be set.
 141:Drivers/STM32L0xx_HAL_Driver/Src/stm32l0xx_hal_exti.c ****   * @retval HAL Status.
 142:Drivers/STM32L0xx_HAL_Driver/Src/stm32l0xx_hal_exti.c ****   */
 143:Drivers/STM32L0xx_HAL_Driver/Src/stm32l0xx_hal_exti.c **** HAL_StatusTypeDef HAL_EXTI_SetConfigLine(EXTI_HandleTypeDef *hexti, EXTI_ConfigTypeDef *pExtiConfig
 144:Drivers/STM32L0xx_HAL_Driver/Src/stm32l0xx_hal_exti.c **** {
  28              		.loc 1 144 1 view -0
ARM GAS  C:\Users\jarne\AppData\Local\Temp\ccVk9lmc.s 			page 4


  29              		.cfi_startproc
  30              		@ args = 0, pretend = 0, frame = 0
  31              		@ frame_needed = 0, uses_anonymous_args = 0
  32              		.loc 1 144 1 is_stmt 0 view .LVU1
  33 0000 70B5     		push	{r4, r5, r6, lr}
  34              		.cfi_def_cfa_offset 16
  35              		.cfi_offset 4, -16
  36              		.cfi_offset 5, -12
  37              		.cfi_offset 6, -8
  38              		.cfi_offset 14, -4
 145:Drivers/STM32L0xx_HAL_Driver/Src/stm32l0xx_hal_exti.c ****   uint32_t regval;
  39              		.loc 1 145 3 is_stmt 1 view .LVU2
 146:Drivers/STM32L0xx_HAL_Driver/Src/stm32l0xx_hal_exti.c ****   uint32_t linepos;
  40              		.loc 1 146 3 view .LVU3
 147:Drivers/STM32L0xx_HAL_Driver/Src/stm32l0xx_hal_exti.c ****   uint32_t maskline;
  41              		.loc 1 147 3 view .LVU4
 148:Drivers/STM32L0xx_HAL_Driver/Src/stm32l0xx_hal_exti.c **** 
 149:Drivers/STM32L0xx_HAL_Driver/Src/stm32l0xx_hal_exti.c ****   /* Check null pointer */
 150:Drivers/STM32L0xx_HAL_Driver/Src/stm32l0xx_hal_exti.c ****   if ((hexti == NULL) || (pExtiConfig == NULL))
  42              		.loc 1 150 3 view .LVU5
  43              		.loc 1 150 6 is_stmt 0 view .LVU6
  44 0002 0028     		cmp	r0, #0
  45 0004 53D0     		beq	.L11
  46              		.loc 1 150 23 discriminator 1 view .LVU7
  47 0006 0029     		cmp	r1, #0
  48 0008 53D0     		beq	.L12
 151:Drivers/STM32L0xx_HAL_Driver/Src/stm32l0xx_hal_exti.c ****   {
 152:Drivers/STM32L0xx_HAL_Driver/Src/stm32l0xx_hal_exti.c ****     return HAL_ERROR;
 153:Drivers/STM32L0xx_HAL_Driver/Src/stm32l0xx_hal_exti.c ****   }
 154:Drivers/STM32L0xx_HAL_Driver/Src/stm32l0xx_hal_exti.c **** 
 155:Drivers/STM32L0xx_HAL_Driver/Src/stm32l0xx_hal_exti.c ****   /* Check parameters */
 156:Drivers/STM32L0xx_HAL_Driver/Src/stm32l0xx_hal_exti.c ****   assert_param(IS_EXTI_LINE(pExtiConfig->Line));
  49              		.loc 1 156 3 is_stmt 1 view .LVU8
 157:Drivers/STM32L0xx_HAL_Driver/Src/stm32l0xx_hal_exti.c ****   assert_param(IS_EXTI_MODE(pExtiConfig->Mode));
  50              		.loc 1 157 3 view .LVU9
 158:Drivers/STM32L0xx_HAL_Driver/Src/stm32l0xx_hal_exti.c **** 
 159:Drivers/STM32L0xx_HAL_Driver/Src/stm32l0xx_hal_exti.c ****   /* Assign line number to handle */
 160:Drivers/STM32L0xx_HAL_Driver/Src/stm32l0xx_hal_exti.c ****   hexti->Line = pExtiConfig->Line;
  51              		.loc 1 160 3 view .LVU10
  52              		.loc 1 160 28 is_stmt 0 view .LVU11
  53 000a 0C68     		ldr	r4, [r1]
  54              		.loc 1 160 15 view .LVU12
  55 000c 0460     		str	r4, [r0]
 161:Drivers/STM32L0xx_HAL_Driver/Src/stm32l0xx_hal_exti.c **** 
 162:Drivers/STM32L0xx_HAL_Driver/Src/stm32l0xx_hal_exti.c ****   /* Compute line mask */
 163:Drivers/STM32L0xx_HAL_Driver/Src/stm32l0xx_hal_exti.c ****   linepos = (pExtiConfig->Line & EXTI_PIN_MASK);
  56              		.loc 1 163 3 is_stmt 1 view .LVU13
  57              		.loc 1 163 11 is_stmt 0 view .LVU14
  58 000e 1F23     		movs	r3, #31
  59 0010 2340     		ands	r3, r4
  60              	.LVL1:
 164:Drivers/STM32L0xx_HAL_Driver/Src/stm32l0xx_hal_exti.c ****   maskline = (1uL << linepos);
  61              		.loc 1 164 3 is_stmt 1 view .LVU15
  62              		.loc 1 164 12 is_stmt 0 view .LVU16
  63 0012 0122     		movs	r2, #1
  64 0014 9A40     		lsls	r2, r2, r3
  65              	.LVL2:
ARM GAS  C:\Users\jarne\AppData\Local\Temp\ccVk9lmc.s 			page 5


 165:Drivers/STM32L0xx_HAL_Driver/Src/stm32l0xx_hal_exti.c **** 
 166:Drivers/STM32L0xx_HAL_Driver/Src/stm32l0xx_hal_exti.c ****   /* Configure triggers for configurable lines */
 167:Drivers/STM32L0xx_HAL_Driver/Src/stm32l0xx_hal_exti.c ****   if ((pExtiConfig->Line & EXTI_CONFIG) != 0x00u)
  66              		.loc 1 167 3 is_stmt 1 view .LVU17
  67              		.loc 1 167 6 is_stmt 0 view .LVU18
  68 0016 A001     		lsls	r0, r4, #6
  69 0018 13D5     		bpl	.L3
  70              	.LVL3:
 168:Drivers/STM32L0xx_HAL_Driver/Src/stm32l0xx_hal_exti.c ****   {
 169:Drivers/STM32L0xx_HAL_Driver/Src/stm32l0xx_hal_exti.c ****     assert_param(IS_EXTI_TRIGGER(pExtiConfig->Trigger));
  71              		.loc 1 169 5 is_stmt 1 view .LVU19
 170:Drivers/STM32L0xx_HAL_Driver/Src/stm32l0xx_hal_exti.c **** 
 171:Drivers/STM32L0xx_HAL_Driver/Src/stm32l0xx_hal_exti.c ****     /* Configure rising trigger */
 172:Drivers/STM32L0xx_HAL_Driver/Src/stm32l0xx_hal_exti.c ****     /* Mask or set line */
 173:Drivers/STM32L0xx_HAL_Driver/Src/stm32l0xx_hal_exti.c ****     if ((pExtiConfig->Trigger & EXTI_TRIGGER_RISING) != 0x00u)
  72              		.loc 1 173 5 view .LVU20
  73              		.loc 1 173 21 is_stmt 0 view .LVU21
  74 001a 8868     		ldr	r0, [r1, #8]
  75              		.loc 1 173 8 view .LVU22
  76 001c C007     		lsls	r0, r0, #31
  77 001e 20D5     		bpl	.L4
 174:Drivers/STM32L0xx_HAL_Driver/Src/stm32l0xx_hal_exti.c ****     {
 175:Drivers/STM32L0xx_HAL_Driver/Src/stm32l0xx_hal_exti.c ****       EXTI->RTSR |= maskline;
  78              		.loc 1 175 7 is_stmt 1 view .LVU23
  79              		.loc 1 175 11 is_stmt 0 view .LVU24
  80 0020 254D     		ldr	r5, .L15
  81 0022 A868     		ldr	r0, [r5, #8]
  82              		.loc 1 175 18 view .LVU25
  83 0024 1043     		orrs	r0, r2
  84 0026 A860     		str	r0, [r5, #8]
  85              	.L5:
 176:Drivers/STM32L0xx_HAL_Driver/Src/stm32l0xx_hal_exti.c ****     }
 177:Drivers/STM32L0xx_HAL_Driver/Src/stm32l0xx_hal_exti.c ****     else
 178:Drivers/STM32L0xx_HAL_Driver/Src/stm32l0xx_hal_exti.c ****     {
 179:Drivers/STM32L0xx_HAL_Driver/Src/stm32l0xx_hal_exti.c ****       EXTI->RTSR &= ~maskline;
 180:Drivers/STM32L0xx_HAL_Driver/Src/stm32l0xx_hal_exti.c ****     }
 181:Drivers/STM32L0xx_HAL_Driver/Src/stm32l0xx_hal_exti.c **** 
 182:Drivers/STM32L0xx_HAL_Driver/Src/stm32l0xx_hal_exti.c ****     /* Configure falling trigger */
 183:Drivers/STM32L0xx_HAL_Driver/Src/stm32l0xx_hal_exti.c ****     /* Mask or set line */
 184:Drivers/STM32L0xx_HAL_Driver/Src/stm32l0xx_hal_exti.c ****     if ((pExtiConfig->Trigger & EXTI_TRIGGER_FALLING) != 0x00u)
  86              		.loc 1 184 5 is_stmt 1 view .LVU26
  87              		.loc 1 184 21 is_stmt 0 view .LVU27
  88 0028 8868     		ldr	r0, [r1, #8]
  89              		.loc 1 184 8 view .LVU28
  90 002a 8007     		lsls	r0, r0, #30
  91 002c 1ED5     		bpl	.L6
 185:Drivers/STM32L0xx_HAL_Driver/Src/stm32l0xx_hal_exti.c ****     {
 186:Drivers/STM32L0xx_HAL_Driver/Src/stm32l0xx_hal_exti.c ****       EXTI->FTSR |= maskline;
  92              		.loc 1 186 7 is_stmt 1 view .LVU29
  93              		.loc 1 186 11 is_stmt 0 view .LVU30
  94 002e 224D     		ldr	r5, .L15
  95 0030 E868     		ldr	r0, [r5, #12]
  96              		.loc 1 186 18 view .LVU31
  97 0032 1043     		orrs	r0, r2
  98 0034 E860     		str	r0, [r5, #12]
  99              	.L7:
 187:Drivers/STM32L0xx_HAL_Driver/Src/stm32l0xx_hal_exti.c ****     }
ARM GAS  C:\Users\jarne\AppData\Local\Temp\ccVk9lmc.s 			page 6


 188:Drivers/STM32L0xx_HAL_Driver/Src/stm32l0xx_hal_exti.c ****     else
 189:Drivers/STM32L0xx_HAL_Driver/Src/stm32l0xx_hal_exti.c ****     {
 190:Drivers/STM32L0xx_HAL_Driver/Src/stm32l0xx_hal_exti.c ****       EXTI->FTSR &= ~maskline;
 191:Drivers/STM32L0xx_HAL_Driver/Src/stm32l0xx_hal_exti.c ****     }
 192:Drivers/STM32L0xx_HAL_Driver/Src/stm32l0xx_hal_exti.c **** 
 193:Drivers/STM32L0xx_HAL_Driver/Src/stm32l0xx_hal_exti.c **** 
 194:Drivers/STM32L0xx_HAL_Driver/Src/stm32l0xx_hal_exti.c ****     /* Configure gpio port selection in case of gpio exti line */
 195:Drivers/STM32L0xx_HAL_Driver/Src/stm32l0xx_hal_exti.c ****     if ((pExtiConfig->Line & EXTI_GPIO) == EXTI_GPIO)
 100              		.loc 1 195 5 is_stmt 1 view .LVU32
 101              		.loc 1 195 21 is_stmt 0 view .LVU33
 102 0036 0868     		ldr	r0, [r1]
 103              		.loc 1 195 28 view .LVU34
 104 0038 C025     		movs	r5, #192
 105 003a ED04     		lsls	r5, r5, #19
 106 003c 2840     		ands	r0, r5
 107              		.loc 1 195 8 view .LVU35
 108 003e A842     		cmp	r0, r5
 109 0040 19D0     		beq	.L14
 110              	.LVL4:
 111              	.L3:
 196:Drivers/STM32L0xx_HAL_Driver/Src/stm32l0xx_hal_exti.c ****     {
 197:Drivers/STM32L0xx_HAL_Driver/Src/stm32l0xx_hal_exti.c ****       assert_param(IS_EXTI_GPIO_PORT(pExtiConfig->GPIOSel));
 198:Drivers/STM32L0xx_HAL_Driver/Src/stm32l0xx_hal_exti.c ****       assert_param(IS_EXTI_GPIO_PIN(linepos));
 199:Drivers/STM32L0xx_HAL_Driver/Src/stm32l0xx_hal_exti.c **** 
 200:Drivers/STM32L0xx_HAL_Driver/Src/stm32l0xx_hal_exti.c ****       regval = SYSCFG->EXTICR[linepos >> 2u];
 201:Drivers/STM32L0xx_HAL_Driver/Src/stm32l0xx_hal_exti.c ****       regval &= ~(SYSCFG_EXTICR1_EXTI0 << (SYSCFG_EXTICR1_EXTI1_Pos * (linepos & 0x03u)));
 202:Drivers/STM32L0xx_HAL_Driver/Src/stm32l0xx_hal_exti.c ****       regval |= (pExtiConfig->GPIOSel << (SYSCFG_EXTICR1_EXTI1_Pos * (linepos & 0x03u)));
 203:Drivers/STM32L0xx_HAL_Driver/Src/stm32l0xx_hal_exti.c ****       SYSCFG->EXTICR[linepos >> 2u] = regval;
 204:Drivers/STM32L0xx_HAL_Driver/Src/stm32l0xx_hal_exti.c ****     }
 205:Drivers/STM32L0xx_HAL_Driver/Src/stm32l0xx_hal_exti.c ****   }
 206:Drivers/STM32L0xx_HAL_Driver/Src/stm32l0xx_hal_exti.c **** 
 207:Drivers/STM32L0xx_HAL_Driver/Src/stm32l0xx_hal_exti.c ****   /* Configure interrupt mode : read current mode */
 208:Drivers/STM32L0xx_HAL_Driver/Src/stm32l0xx_hal_exti.c ****   /* Mask or set line */
 209:Drivers/STM32L0xx_HAL_Driver/Src/stm32l0xx_hal_exti.c ****   if ((pExtiConfig->Mode & EXTI_MODE_INTERRUPT) != 0x00u)
 112              		.loc 1 209 3 is_stmt 1 view .LVU36
 113              		.loc 1 209 19 is_stmt 0 view .LVU37
 114 0042 4B68     		ldr	r3, [r1, #4]
 115              		.loc 1 209 6 view .LVU38
 116 0044 DB07     		lsls	r3, r3, #31
 117 0046 27D5     		bpl	.L8
 210:Drivers/STM32L0xx_HAL_Driver/Src/stm32l0xx_hal_exti.c ****   {
 211:Drivers/STM32L0xx_HAL_Driver/Src/stm32l0xx_hal_exti.c ****     EXTI->IMR |= maskline;
 118              		.loc 1 211 5 is_stmt 1 view .LVU39
 119              		.loc 1 211 9 is_stmt 0 view .LVU40
 120 0048 1B48     		ldr	r0, .L15
 121 004a 0368     		ldr	r3, [r0]
 122              		.loc 1 211 15 view .LVU41
 123 004c 1343     		orrs	r3, r2
 124 004e 0360     		str	r3, [r0]
 125              	.L9:
 212:Drivers/STM32L0xx_HAL_Driver/Src/stm32l0xx_hal_exti.c ****   }
 213:Drivers/STM32L0xx_HAL_Driver/Src/stm32l0xx_hal_exti.c ****   else
 214:Drivers/STM32L0xx_HAL_Driver/Src/stm32l0xx_hal_exti.c ****   {
 215:Drivers/STM32L0xx_HAL_Driver/Src/stm32l0xx_hal_exti.c ****     EXTI->IMR &= ~maskline;
 216:Drivers/STM32L0xx_HAL_Driver/Src/stm32l0xx_hal_exti.c ****   }
 217:Drivers/STM32L0xx_HAL_Driver/Src/stm32l0xx_hal_exti.c **** 
 218:Drivers/STM32L0xx_HAL_Driver/Src/stm32l0xx_hal_exti.c ****   /* Configure event mode : read current mode */
ARM GAS  C:\Users\jarne\AppData\Local\Temp\ccVk9lmc.s 			page 7


 219:Drivers/STM32L0xx_HAL_Driver/Src/stm32l0xx_hal_exti.c ****   /* Mask or set line */
 220:Drivers/STM32L0xx_HAL_Driver/Src/stm32l0xx_hal_exti.c ****   if ((pExtiConfig->Mode & EXTI_MODE_EVENT) != 0x00u)
 126              		.loc 1 220 3 is_stmt 1 view .LVU42
 127              		.loc 1 220 19 is_stmt 0 view .LVU43
 128 0050 4B68     		ldr	r3, [r1, #4]
 129              		.loc 1 220 6 view .LVU44
 130 0052 9B07     		lsls	r3, r3, #30
 131 0054 25D5     		bpl	.L10
 221:Drivers/STM32L0xx_HAL_Driver/Src/stm32l0xx_hal_exti.c ****   {
 222:Drivers/STM32L0xx_HAL_Driver/Src/stm32l0xx_hal_exti.c ****     EXTI->EMR |= maskline;
 132              		.loc 1 222 5 is_stmt 1 view .LVU45
 133              		.loc 1 222 9 is_stmt 0 view .LVU46
 134 0056 1849     		ldr	r1, .L15
 135              	.LVL5:
 136              		.loc 1 222 9 view .LVU47
 137 0058 4B68     		ldr	r3, [r1, #4]
 138              		.loc 1 222 15 view .LVU48
 139 005a 1343     		orrs	r3, r2
 140 005c 4B60     		str	r3, [r1, #4]
 223:Drivers/STM32L0xx_HAL_Driver/Src/stm32l0xx_hal_exti.c ****   }
 224:Drivers/STM32L0xx_HAL_Driver/Src/stm32l0xx_hal_exti.c ****   else
 225:Drivers/STM32L0xx_HAL_Driver/Src/stm32l0xx_hal_exti.c ****   {
 226:Drivers/STM32L0xx_HAL_Driver/Src/stm32l0xx_hal_exti.c ****     EXTI->EMR &= ~maskline;
 227:Drivers/STM32L0xx_HAL_Driver/Src/stm32l0xx_hal_exti.c ****   }
 228:Drivers/STM32L0xx_HAL_Driver/Src/stm32l0xx_hal_exti.c **** 
 229:Drivers/STM32L0xx_HAL_Driver/Src/stm32l0xx_hal_exti.c ****   return HAL_OK;
 141              		.loc 1 229 10 view .LVU49
 142 005e 0020     		movs	r0, #0
 143              	.LVL6:
 144              	.L2:
 230:Drivers/STM32L0xx_HAL_Driver/Src/stm32l0xx_hal_exti.c **** }
 145              		.loc 1 230 1 view .LVU50
 146              		@ sp needed
 147 0060 70BD     		pop	{r4, r5, r6, pc}
 148              	.LVL7:
 149              	.L4:
 179:Drivers/STM32L0xx_HAL_Driver/Src/stm32l0xx_hal_exti.c ****     }
 150              		.loc 1 179 7 is_stmt 1 view .LVU51
 179:Drivers/STM32L0xx_HAL_Driver/Src/stm32l0xx_hal_exti.c ****     }
 151              		.loc 1 179 11 is_stmt 0 view .LVU52
 152 0062 154D     		ldr	r5, .L15
 153 0064 A868     		ldr	r0, [r5, #8]
 179:Drivers/STM32L0xx_HAL_Driver/Src/stm32l0xx_hal_exti.c ****     }
 154              		.loc 1 179 18 view .LVU53
 155 0066 9043     		bics	r0, r2
 156 0068 A860     		str	r0, [r5, #8]
 157 006a DDE7     		b	.L5
 158              	.L6:
 190:Drivers/STM32L0xx_HAL_Driver/Src/stm32l0xx_hal_exti.c ****     }
 159              		.loc 1 190 7 is_stmt 1 view .LVU54
 190:Drivers/STM32L0xx_HAL_Driver/Src/stm32l0xx_hal_exti.c ****     }
 160              		.loc 1 190 11 is_stmt 0 view .LVU55
 161 006c 124D     		ldr	r5, .L15
 162 006e E868     		ldr	r0, [r5, #12]
 190:Drivers/STM32L0xx_HAL_Driver/Src/stm32l0xx_hal_exti.c ****     }
 163              		.loc 1 190 18 view .LVU56
 164 0070 9043     		bics	r0, r2
ARM GAS  C:\Users\jarne\AppData\Local\Temp\ccVk9lmc.s 			page 8


 165 0072 E860     		str	r0, [r5, #12]
 166 0074 DFE7     		b	.L7
 167              	.L14:
 197:Drivers/STM32L0xx_HAL_Driver/Src/stm32l0xx_hal_exti.c ****       assert_param(IS_EXTI_GPIO_PIN(linepos));
 168              		.loc 1 197 7 is_stmt 1 view .LVU57
 198:Drivers/STM32L0xx_HAL_Driver/Src/stm32l0xx_hal_exti.c **** 
 169              		.loc 1 198 7 view .LVU58
 200:Drivers/STM32L0xx_HAL_Driver/Src/stm32l0xx_hal_exti.c ****       regval &= ~(SYSCFG_EXTICR1_EXTI0 << (SYSCFG_EXTICR1_EXTI1_Pos * (linepos & 0x03u)));
 170              		.loc 1 200 7 view .LVU59
 200:Drivers/STM32L0xx_HAL_Driver/Src/stm32l0xx_hal_exti.c ****       regval &= ~(SYSCFG_EXTICR1_EXTI0 << (SYSCFG_EXTICR1_EXTI1_Pos * (linepos & 0x03u)));
 171              		.loc 1 200 39 is_stmt 0 view .LVU60
 172 0076 9B08     		lsrs	r3, r3, #2
 173              	.LVL8:
 200:Drivers/STM32L0xx_HAL_Driver/Src/stm32l0xx_hal_exti.c ****       regval &= ~(SYSCFG_EXTICR1_EXTI0 << (SYSCFG_EXTICR1_EXTI1_Pos * (linepos & 0x03u)));
 174              		.loc 1 200 14 view .LVU61
 175 0078 104D     		ldr	r5, .L15+4
 176 007a 0233     		adds	r3, r3, #2
 177 007c 9B00     		lsls	r3, r3, #2
 178 007e 5E59     		ldr	r6, [r3, r5]
 179              	.LVL9:
 201:Drivers/STM32L0xx_HAL_Driver/Src/stm32l0xx_hal_exti.c ****       regval |= (pExtiConfig->GPIOSel << (SYSCFG_EXTICR1_EXTI1_Pos * (linepos & 0x03u)));
 180              		.loc 1 201 7 is_stmt 1 view .LVU62
 201:Drivers/STM32L0xx_HAL_Driver/Src/stm32l0xx_hal_exti.c ****       regval |= (pExtiConfig->GPIOSel << (SYSCFG_EXTICR1_EXTI1_Pos * (linepos & 0x03u)));
 181              		.loc 1 201 80 is_stmt 0 view .LVU63
 182 0080 0320     		movs	r0, #3
 183 0082 2040     		ands	r0, r4
 201:Drivers/STM32L0xx_HAL_Driver/Src/stm32l0xx_hal_exti.c ****       regval |= (pExtiConfig->GPIOSel << (SYSCFG_EXTICR1_EXTI1_Pos * (linepos & 0x03u)));
 184              		.loc 1 201 69 view .LVU64
 185 0084 8000     		lsls	r0, r0, #2
 201:Drivers/STM32L0xx_HAL_Driver/Src/stm32l0xx_hal_exti.c ****       regval |= (pExtiConfig->GPIOSel << (SYSCFG_EXTICR1_EXTI1_Pos * (linepos & 0x03u)));
 186              		.loc 1 201 40 view .LVU65
 187 0086 0F24     		movs	r4, #15
 188              	.LVL10:
 201:Drivers/STM32L0xx_HAL_Driver/Src/stm32l0xx_hal_exti.c ****       regval |= (pExtiConfig->GPIOSel << (SYSCFG_EXTICR1_EXTI1_Pos * (linepos & 0x03u)));
 189              		.loc 1 201 40 view .LVU66
 190 0088 8440     		lsls	r4, r4, r0
 201:Drivers/STM32L0xx_HAL_Driver/Src/stm32l0xx_hal_exti.c ****       regval |= (pExtiConfig->GPIOSel << (SYSCFG_EXTICR1_EXTI1_Pos * (linepos & 0x03u)));
 191              		.loc 1 201 14 view .LVU67
 192 008a A643     		bics	r6, r4
 193              	.LVL11:
 202:Drivers/STM32L0xx_HAL_Driver/Src/stm32l0xx_hal_exti.c ****       SYSCFG->EXTICR[linepos >> 2u] = regval;
 194              		.loc 1 202 7 is_stmt 1 view .LVU68
 202:Drivers/STM32L0xx_HAL_Driver/Src/stm32l0xx_hal_exti.c ****       SYSCFG->EXTICR[linepos >> 2u] = regval;
 195              		.loc 1 202 29 is_stmt 0 view .LVU69
 196 008c CC68     		ldr	r4, [r1, #12]
 202:Drivers/STM32L0xx_HAL_Driver/Src/stm32l0xx_hal_exti.c ****       SYSCFG->EXTICR[linepos >> 2u] = regval;
 197              		.loc 1 202 39 view .LVU70
 198 008e 8440     		lsls	r4, r4, r0
 199 0090 2000     		movs	r0, r4
 202:Drivers/STM32L0xx_HAL_Driver/Src/stm32l0xx_hal_exti.c ****       SYSCFG->EXTICR[linepos >> 2u] = regval;
 200              		.loc 1 202 14 view .LVU71
 201 0092 3043     		orrs	r0, r6
 202              	.LVL12:
 203:Drivers/STM32L0xx_HAL_Driver/Src/stm32l0xx_hal_exti.c ****     }
 203              		.loc 1 203 7 is_stmt 1 view .LVU72
 203:Drivers/STM32L0xx_HAL_Driver/Src/stm32l0xx_hal_exti.c ****     }
 204              		.loc 1 203 37 is_stmt 0 view .LVU73
ARM GAS  C:\Users\jarne\AppData\Local\Temp\ccVk9lmc.s 			page 9


 205 0094 5851     		str	r0, [r3, r5]
 206 0096 D4E7     		b	.L3
 207              	.LVL13:
 208              	.L8:
 215:Drivers/STM32L0xx_HAL_Driver/Src/stm32l0xx_hal_exti.c ****   }
 209              		.loc 1 215 5 is_stmt 1 view .LVU74
 215:Drivers/STM32L0xx_HAL_Driver/Src/stm32l0xx_hal_exti.c ****   }
 210              		.loc 1 215 9 is_stmt 0 view .LVU75
 211 0098 0748     		ldr	r0, .L15
 212 009a 0368     		ldr	r3, [r0]
 215:Drivers/STM32L0xx_HAL_Driver/Src/stm32l0xx_hal_exti.c ****   }
 213              		.loc 1 215 15 view .LVU76
 214 009c 9343     		bics	r3, r2
 215 009e 0360     		str	r3, [r0]
 216 00a0 D6E7     		b	.L9
 217              	.L10:
 226:Drivers/STM32L0xx_HAL_Driver/Src/stm32l0xx_hal_exti.c ****   }
 218              		.loc 1 226 5 is_stmt 1 view .LVU77
 226:Drivers/STM32L0xx_HAL_Driver/Src/stm32l0xx_hal_exti.c ****   }
 219              		.loc 1 226 9 is_stmt 0 view .LVU78
 220 00a2 0549     		ldr	r1, .L15
 221              	.LVL14:
 226:Drivers/STM32L0xx_HAL_Driver/Src/stm32l0xx_hal_exti.c ****   }
 222              		.loc 1 226 9 view .LVU79
 223 00a4 4B68     		ldr	r3, [r1, #4]
 226:Drivers/STM32L0xx_HAL_Driver/Src/stm32l0xx_hal_exti.c ****   }
 224              		.loc 1 226 15 view .LVU80
 225 00a6 9343     		bics	r3, r2
 226 00a8 4B60     		str	r3, [r1, #4]
 229:Drivers/STM32L0xx_HAL_Driver/Src/stm32l0xx_hal_exti.c **** }
 227              		.loc 1 229 10 view .LVU81
 228 00aa 0020     		movs	r0, #0
 229 00ac D8E7     		b	.L2
 230              	.LVL15:
 231              	.L11:
 152:Drivers/STM32L0xx_HAL_Driver/Src/stm32l0xx_hal_exti.c ****   }
 232              		.loc 1 152 12 view .LVU82
 233 00ae 0120     		movs	r0, #1
 234              	.LVL16:
 152:Drivers/STM32L0xx_HAL_Driver/Src/stm32l0xx_hal_exti.c ****   }
 235              		.loc 1 152 12 view .LVU83
 236 00b0 D6E7     		b	.L2
 237              	.LVL17:
 238              	.L12:
 152:Drivers/STM32L0xx_HAL_Driver/Src/stm32l0xx_hal_exti.c ****   }
 239              		.loc 1 152 12 view .LVU84
 240 00b2 0120     		movs	r0, #1
 241              	.LVL18:
 152:Drivers/STM32L0xx_HAL_Driver/Src/stm32l0xx_hal_exti.c ****   }
 242              		.loc 1 152 12 view .LVU85
 243 00b4 D4E7     		b	.L2
 244              	.L16:
 245 00b6 C046     		.align	2
 246              	.L15:
 247 00b8 00040140 		.word	1073808384
 248 00bc 00000140 		.word	1073807360
 249              		.cfi_endproc
ARM GAS  C:\Users\jarne\AppData\Local\Temp\ccVk9lmc.s 			page 10


 250              	.LFE40:
 252              		.section	.text.HAL_EXTI_GetConfigLine,"ax",%progbits
 253              		.align	1
 254              		.global	HAL_EXTI_GetConfigLine
 255              		.syntax unified
 256              		.code	16
 257              		.thumb_func
 259              	HAL_EXTI_GetConfigLine:
 260              	.LVL19:
 261              	.LFB41:
 231:Drivers/STM32L0xx_HAL_Driver/Src/stm32l0xx_hal_exti.c **** 
 232:Drivers/STM32L0xx_HAL_Driver/Src/stm32l0xx_hal_exti.c **** /**
 233:Drivers/STM32L0xx_HAL_Driver/Src/stm32l0xx_hal_exti.c ****   * @brief  Get configuration of a dedicated Exti line.
 234:Drivers/STM32L0xx_HAL_Driver/Src/stm32l0xx_hal_exti.c ****   * @param  hexti Exti handle.
 235:Drivers/STM32L0xx_HAL_Driver/Src/stm32l0xx_hal_exti.c ****   * @param  pExtiConfig Pointer on structure to store Exti configuration.
 236:Drivers/STM32L0xx_HAL_Driver/Src/stm32l0xx_hal_exti.c ****   * @retval HAL Status.
 237:Drivers/STM32L0xx_HAL_Driver/Src/stm32l0xx_hal_exti.c ****   */
 238:Drivers/STM32L0xx_HAL_Driver/Src/stm32l0xx_hal_exti.c **** HAL_StatusTypeDef HAL_EXTI_GetConfigLine(EXTI_HandleTypeDef *hexti, EXTI_ConfigTypeDef *pExtiConfig
 239:Drivers/STM32L0xx_HAL_Driver/Src/stm32l0xx_hal_exti.c **** {
 262              		.loc 1 239 1 is_stmt 1 view -0
 263              		.cfi_startproc
 264              		@ args = 0, pretend = 0, frame = 0
 265              		@ frame_needed = 0, uses_anonymous_args = 0
 266              		.loc 1 239 1 is_stmt 0 view .LVU87
 267 0000 30B5     		push	{r4, r5, lr}
 268              		.cfi_def_cfa_offset 12
 269              		.cfi_offset 4, -12
 270              		.cfi_offset 5, -8
 271              		.cfi_offset 14, -4
 240:Drivers/STM32L0xx_HAL_Driver/Src/stm32l0xx_hal_exti.c ****   uint32_t regval;
 272              		.loc 1 240 3 is_stmt 1 view .LVU88
 241:Drivers/STM32L0xx_HAL_Driver/Src/stm32l0xx_hal_exti.c ****   uint32_t linepos;
 273              		.loc 1 241 3 view .LVU89
 242:Drivers/STM32L0xx_HAL_Driver/Src/stm32l0xx_hal_exti.c ****   uint32_t maskline;
 274              		.loc 1 242 3 view .LVU90
 243:Drivers/STM32L0xx_HAL_Driver/Src/stm32l0xx_hal_exti.c **** 
 244:Drivers/STM32L0xx_HAL_Driver/Src/stm32l0xx_hal_exti.c ****   /* Check null pointer */
 245:Drivers/STM32L0xx_HAL_Driver/Src/stm32l0xx_hal_exti.c ****   if ((hexti == NULL) || (pExtiConfig == NULL))
 275              		.loc 1 245 3 view .LVU91
 276              		.loc 1 245 6 is_stmt 0 view .LVU92
 277 0002 0028     		cmp	r0, #0
 278 0004 3FD0     		beq	.L24
 279              		.loc 1 245 23 discriminator 1 view .LVU93
 280 0006 0029     		cmp	r1, #0
 281 0008 3FD0     		beq	.L25
 246:Drivers/STM32L0xx_HAL_Driver/Src/stm32l0xx_hal_exti.c ****   {
 247:Drivers/STM32L0xx_HAL_Driver/Src/stm32l0xx_hal_exti.c ****     return HAL_ERROR;
 248:Drivers/STM32L0xx_HAL_Driver/Src/stm32l0xx_hal_exti.c ****   }
 249:Drivers/STM32L0xx_HAL_Driver/Src/stm32l0xx_hal_exti.c **** 
 250:Drivers/STM32L0xx_HAL_Driver/Src/stm32l0xx_hal_exti.c ****   /* Check the parameter */
 251:Drivers/STM32L0xx_HAL_Driver/Src/stm32l0xx_hal_exti.c ****   assert_param(IS_EXTI_LINE(hexti->Line));
 282              		.loc 1 251 3 is_stmt 1 view .LVU94
 252:Drivers/STM32L0xx_HAL_Driver/Src/stm32l0xx_hal_exti.c **** 
 253:Drivers/STM32L0xx_HAL_Driver/Src/stm32l0xx_hal_exti.c ****   /* Store handle line number to configuration structure */
 254:Drivers/STM32L0xx_HAL_Driver/Src/stm32l0xx_hal_exti.c ****   pExtiConfig->Line = hexti->Line;
 283              		.loc 1 254 3 view .LVU95
 284              		.loc 1 254 28 is_stmt 0 view .LVU96
ARM GAS  C:\Users\jarne\AppData\Local\Temp\ccVk9lmc.s 			page 11


 285 000a 0068     		ldr	r0, [r0]
 286              	.LVL20:
 287              		.loc 1 254 21 view .LVU97
 288 000c 0860     		str	r0, [r1]
 255:Drivers/STM32L0xx_HAL_Driver/Src/stm32l0xx_hal_exti.c **** 
 256:Drivers/STM32L0xx_HAL_Driver/Src/stm32l0xx_hal_exti.c ****   /* Compute line mask */
 257:Drivers/STM32L0xx_HAL_Driver/Src/stm32l0xx_hal_exti.c ****   linepos = (pExtiConfig->Line & EXTI_PIN_MASK);
 289              		.loc 1 257 3 is_stmt 1 view .LVU98
 290              		.loc 1 257 11 is_stmt 0 view .LVU99
 291 000e 1F24     		movs	r4, #31
 292 0010 0440     		ands	r4, r0
 293              	.LVL21:
 258:Drivers/STM32L0xx_HAL_Driver/Src/stm32l0xx_hal_exti.c ****   maskline = (1uL << linepos);
 294              		.loc 1 258 3 is_stmt 1 view .LVU100
 295              		.loc 1 258 12 is_stmt 0 view .LVU101
 296 0012 0123     		movs	r3, #1
 297 0014 A340     		lsls	r3, r3, r4
 298              	.LVL22:
 259:Drivers/STM32L0xx_HAL_Driver/Src/stm32l0xx_hal_exti.c **** 
 260:Drivers/STM32L0xx_HAL_Driver/Src/stm32l0xx_hal_exti.c ****   /* 1] Get core mode : interrupt */
 261:Drivers/STM32L0xx_HAL_Driver/Src/stm32l0xx_hal_exti.c **** 
 262:Drivers/STM32L0xx_HAL_Driver/Src/stm32l0xx_hal_exti.c ****   /* Check if selected line is enable */
 263:Drivers/STM32L0xx_HAL_Driver/Src/stm32l0xx_hal_exti.c ****   if ((EXTI->IMR & maskline) != 0x00u)
 299              		.loc 1 263 3 is_stmt 1 view .LVU102
 300              		.loc 1 263 12 is_stmt 0 view .LVU103
 301 0016 1F4A     		ldr	r2, .L29
 302 0018 1268     		ldr	r2, [r2]
 303              		.loc 1 263 6 view .LVU104
 304 001a 1342     		tst	r3, r2
 305 001c 23D0     		beq	.L19
 264:Drivers/STM32L0xx_HAL_Driver/Src/stm32l0xx_hal_exti.c ****   {
 265:Drivers/STM32L0xx_HAL_Driver/Src/stm32l0xx_hal_exti.c ****     pExtiConfig->Mode = EXTI_MODE_INTERRUPT;
 306              		.loc 1 265 5 is_stmt 1 view .LVU105
 307              		.loc 1 265 23 is_stmt 0 view .LVU106
 308 001e 0122     		movs	r2, #1
 309 0020 4A60     		str	r2, [r1, #4]
 310              	.L20:
 266:Drivers/STM32L0xx_HAL_Driver/Src/stm32l0xx_hal_exti.c ****   }
 267:Drivers/STM32L0xx_HAL_Driver/Src/stm32l0xx_hal_exti.c ****   else
 268:Drivers/STM32L0xx_HAL_Driver/Src/stm32l0xx_hal_exti.c ****   {
 269:Drivers/STM32L0xx_HAL_Driver/Src/stm32l0xx_hal_exti.c ****     pExtiConfig->Mode = EXTI_MODE_NONE;
 270:Drivers/STM32L0xx_HAL_Driver/Src/stm32l0xx_hal_exti.c ****   }
 271:Drivers/STM32L0xx_HAL_Driver/Src/stm32l0xx_hal_exti.c **** 
 272:Drivers/STM32L0xx_HAL_Driver/Src/stm32l0xx_hal_exti.c ****   /* Get event mode */
 273:Drivers/STM32L0xx_HAL_Driver/Src/stm32l0xx_hal_exti.c ****   /* Check if selected line is enable */
 274:Drivers/STM32L0xx_HAL_Driver/Src/stm32l0xx_hal_exti.c ****   if ((EXTI->EMR & maskline) != 0x00u)
 311              		.loc 1 274 3 is_stmt 1 view .LVU107
 312              		.loc 1 274 12 is_stmt 0 view .LVU108
 313 0022 1C4A     		ldr	r2, .L29
 314 0024 5268     		ldr	r2, [r2, #4]
 315              		.loc 1 274 6 view .LVU109
 316 0026 1342     		tst	r3, r2
 317 0028 03D0     		beq	.L21
 275:Drivers/STM32L0xx_HAL_Driver/Src/stm32l0xx_hal_exti.c ****   {
 276:Drivers/STM32L0xx_HAL_Driver/Src/stm32l0xx_hal_exti.c ****     pExtiConfig->Mode |= EXTI_MODE_EVENT;
 318              		.loc 1 276 5 is_stmt 1 view .LVU110
 319              		.loc 1 276 16 is_stmt 0 view .LVU111
ARM GAS  C:\Users\jarne\AppData\Local\Temp\ccVk9lmc.s 			page 12


 320 002a 4A68     		ldr	r2, [r1, #4]
 321              		.loc 1 276 23 view .LVU112
 322 002c 0225     		movs	r5, #2
 323 002e 2A43     		orrs	r2, r5
 324 0030 4A60     		str	r2, [r1, #4]
 325              	.L21:
 277:Drivers/STM32L0xx_HAL_Driver/Src/stm32l0xx_hal_exti.c ****   }
 278:Drivers/STM32L0xx_HAL_Driver/Src/stm32l0xx_hal_exti.c **** 
 279:Drivers/STM32L0xx_HAL_Driver/Src/stm32l0xx_hal_exti.c ****   /* Get default Trigger and GPIOSel configuration */
 280:Drivers/STM32L0xx_HAL_Driver/Src/stm32l0xx_hal_exti.c ****   pExtiConfig->Trigger = EXTI_TRIGGER_NONE;
 326              		.loc 1 280 3 is_stmt 1 view .LVU113
 327              		.loc 1 280 24 is_stmt 0 view .LVU114
 328 0032 0022     		movs	r2, #0
 329 0034 8A60     		str	r2, [r1, #8]
 281:Drivers/STM32L0xx_HAL_Driver/Src/stm32l0xx_hal_exti.c ****   pExtiConfig->GPIOSel = 0x00u;
 330              		.loc 1 281 3 is_stmt 1 view .LVU115
 331              		.loc 1 281 24 is_stmt 0 view .LVU116
 332 0036 CA60     		str	r2, [r1, #12]
 282:Drivers/STM32L0xx_HAL_Driver/Src/stm32l0xx_hal_exti.c **** 
 283:Drivers/STM32L0xx_HAL_Driver/Src/stm32l0xx_hal_exti.c ****   /* 2] Get trigger for configurable lines : rising */
 284:Drivers/STM32L0xx_HAL_Driver/Src/stm32l0xx_hal_exti.c ****   if ((pExtiConfig->Line & EXTI_CONFIG) != 0x00u)
 333              		.loc 1 284 3 is_stmt 1 view .LVU117
 334              		.loc 1 284 6 is_stmt 0 view .LVU118
 335 0038 8201     		lsls	r2, r0, #6
 336 003a 28D5     		bpl	.L26
 285:Drivers/STM32L0xx_HAL_Driver/Src/stm32l0xx_hal_exti.c ****   {
 286:Drivers/STM32L0xx_HAL_Driver/Src/stm32l0xx_hal_exti.c ****     /* Check if configuration of selected line is enable */
 287:Drivers/STM32L0xx_HAL_Driver/Src/stm32l0xx_hal_exti.c ****     if ((EXTI->RTSR & maskline) != 0x00u)
 337              		.loc 1 287 5 is_stmt 1 view .LVU119
 338              		.loc 1 287 14 is_stmt 0 view .LVU120
 339 003c 154A     		ldr	r2, .L29
 340 003e 9268     		ldr	r2, [r2, #8]
 341              		.loc 1 287 8 view .LVU121
 342 0040 1342     		tst	r3, r2
 343 0042 01D0     		beq	.L22
 288:Drivers/STM32L0xx_HAL_Driver/Src/stm32l0xx_hal_exti.c ****     {
 289:Drivers/STM32L0xx_HAL_Driver/Src/stm32l0xx_hal_exti.c ****       pExtiConfig->Trigger = EXTI_TRIGGER_RISING;
 344              		.loc 1 289 7 is_stmt 1 view .LVU122
 345              		.loc 1 289 28 is_stmt 0 view .LVU123
 346 0044 0122     		movs	r2, #1
 347 0046 8A60     		str	r2, [r1, #8]
 348              	.L22:
 290:Drivers/STM32L0xx_HAL_Driver/Src/stm32l0xx_hal_exti.c ****     }
 291:Drivers/STM32L0xx_HAL_Driver/Src/stm32l0xx_hal_exti.c **** 
 292:Drivers/STM32L0xx_HAL_Driver/Src/stm32l0xx_hal_exti.c ****     /* Get falling configuration */
 293:Drivers/STM32L0xx_HAL_Driver/Src/stm32l0xx_hal_exti.c ****     /* Check if configuration of selected line is enable */
 294:Drivers/STM32L0xx_HAL_Driver/Src/stm32l0xx_hal_exti.c ****     if ((EXTI->FTSR & maskline) != 0x00u)
 349              		.loc 1 294 5 is_stmt 1 view .LVU124
 350              		.loc 1 294 14 is_stmt 0 view .LVU125
 351 0048 124A     		ldr	r2, .L29
 352 004a D268     		ldr	r2, [r2, #12]
 353              		.loc 1 294 8 view .LVU126
 354 004c 1342     		tst	r3, r2
 355 004e 03D0     		beq	.L23
 295:Drivers/STM32L0xx_HAL_Driver/Src/stm32l0xx_hal_exti.c ****     {
 296:Drivers/STM32L0xx_HAL_Driver/Src/stm32l0xx_hal_exti.c ****       pExtiConfig->Trigger |= EXTI_TRIGGER_FALLING;
 356              		.loc 1 296 7 is_stmt 1 view .LVU127
ARM GAS  C:\Users\jarne\AppData\Local\Temp\ccVk9lmc.s 			page 13


 357              		.loc 1 296 18 is_stmt 0 view .LVU128
 358 0050 8B68     		ldr	r3, [r1, #8]
 359              	.LVL23:
 360              		.loc 1 296 28 view .LVU129
 361 0052 0222     		movs	r2, #2
 362 0054 1343     		orrs	r3, r2
 363 0056 8B60     		str	r3, [r1, #8]
 364              	.L23:
 297:Drivers/STM32L0xx_HAL_Driver/Src/stm32l0xx_hal_exti.c ****     }
 298:Drivers/STM32L0xx_HAL_Driver/Src/stm32l0xx_hal_exti.c **** 
 299:Drivers/STM32L0xx_HAL_Driver/Src/stm32l0xx_hal_exti.c ****     /* Get Gpio port selection for gpio lines */
 300:Drivers/STM32L0xx_HAL_Driver/Src/stm32l0xx_hal_exti.c ****     if ((pExtiConfig->Line & EXTI_GPIO) == EXTI_GPIO)
 365              		.loc 1 300 5 is_stmt 1 view .LVU130
 366              		.loc 1 300 28 is_stmt 0 view .LVU131
 367 0058 C022     		movs	r2, #192
 368 005a D204     		lsls	r2, r2, #19
 369 005c 1040     		ands	r0, r2
 370              		.loc 1 300 8 view .LVU132
 371 005e 9042     		cmp	r0, r2
 372 0060 04D0     		beq	.L28
 301:Drivers/STM32L0xx_HAL_Driver/Src/stm32l0xx_hal_exti.c ****     {
 302:Drivers/STM32L0xx_HAL_Driver/Src/stm32l0xx_hal_exti.c ****       assert_param(IS_EXTI_GPIO_PIN(linepos));
 303:Drivers/STM32L0xx_HAL_Driver/Src/stm32l0xx_hal_exti.c **** 
 304:Drivers/STM32L0xx_HAL_Driver/Src/stm32l0xx_hal_exti.c ****       regval = SYSCFG->EXTICR[linepos >> 2u];
 305:Drivers/STM32L0xx_HAL_Driver/Src/stm32l0xx_hal_exti.c ****       pExtiConfig->GPIOSel = ((regval << (SYSCFG_EXTICR1_EXTI1_Pos * (3uL - (linepos & 0x03u)))) >>
 306:Drivers/STM32L0xx_HAL_Driver/Src/stm32l0xx_hal_exti.c ****     }
 307:Drivers/STM32L0xx_HAL_Driver/Src/stm32l0xx_hal_exti.c ****   }
 308:Drivers/STM32L0xx_HAL_Driver/Src/stm32l0xx_hal_exti.c **** 
 309:Drivers/STM32L0xx_HAL_Driver/Src/stm32l0xx_hal_exti.c ****   return HAL_OK;
 373              		.loc 1 309 10 view .LVU133
 374 0062 0020     		movs	r0, #0
 375 0064 14E0     		b	.L18
 376              	.LVL24:
 377              	.L19:
 269:Drivers/STM32L0xx_HAL_Driver/Src/stm32l0xx_hal_exti.c ****   }
 378              		.loc 1 269 5 is_stmt 1 view .LVU134
 269:Drivers/STM32L0xx_HAL_Driver/Src/stm32l0xx_hal_exti.c ****   }
 379              		.loc 1 269 23 is_stmt 0 view .LVU135
 380 0066 0022     		movs	r2, #0
 381 0068 4A60     		str	r2, [r1, #4]
 382 006a DAE7     		b	.L20
 383              	.LVL25:
 384              	.L28:
 302:Drivers/STM32L0xx_HAL_Driver/Src/stm32l0xx_hal_exti.c **** 
 385              		.loc 1 302 7 is_stmt 1 view .LVU136
 304:Drivers/STM32L0xx_HAL_Driver/Src/stm32l0xx_hal_exti.c ****       pExtiConfig->GPIOSel = ((regval << (SYSCFG_EXTICR1_EXTI1_Pos * (3uL - (linepos & 0x03u)))) >>
 386              		.loc 1 304 7 view .LVU137
 304:Drivers/STM32L0xx_HAL_Driver/Src/stm32l0xx_hal_exti.c ****       pExtiConfig->GPIOSel = ((regval << (SYSCFG_EXTICR1_EXTI1_Pos * (3uL - (linepos & 0x03u)))) >>
 387              		.loc 1 304 39 is_stmt 0 view .LVU138
 388 006c A308     		lsrs	r3, r4, #2
 304:Drivers/STM32L0xx_HAL_Driver/Src/stm32l0xx_hal_exti.c ****       pExtiConfig->GPIOSel = ((regval << (SYSCFG_EXTICR1_EXTI1_Pos * (3uL - (linepos & 0x03u)))) >>
 389              		.loc 1 304 14 view .LVU139
 390 006e 0233     		adds	r3, r3, #2
 391 0070 9B00     		lsls	r3, r3, #2
 392 0072 094A     		ldr	r2, .L29+4
 393 0074 9B58     		ldr	r3, [r3, r2]
 394              	.LVL26:
ARM GAS  C:\Users\jarne\AppData\Local\Temp\ccVk9lmc.s 			page 14


 305:Drivers/STM32L0xx_HAL_Driver/Src/stm32l0xx_hal_exti.c ****     }
 395              		.loc 1 305 7 is_stmt 1 view .LVU140
 305:Drivers/STM32L0xx_HAL_Driver/Src/stm32l0xx_hal_exti.c ****     }
 396              		.loc 1 305 75 is_stmt 0 view .LVU141
 397 0076 0322     		movs	r2, #3
 398 0078 A243     		bics	r2, r4
 305:Drivers/STM32L0xx_HAL_Driver/Src/stm32l0xx_hal_exti.c ****     }
 399              		.loc 1 305 68 view .LVU142
 400 007a 9200     		lsls	r2, r2, #2
 305:Drivers/STM32L0xx_HAL_Driver/Src/stm32l0xx_hal_exti.c ****     }
 401              		.loc 1 305 39 view .LVU143
 402 007c 9340     		lsls	r3, r3, r2
 403              	.LVL27:
 305:Drivers/STM32L0xx_HAL_Driver/Src/stm32l0xx_hal_exti.c ****     }
 404              		.loc 1 305 98 view .LVU144
 405 007e 1B0E     		lsrs	r3, r3, #24
 305:Drivers/STM32L0xx_HAL_Driver/Src/stm32l0xx_hal_exti.c ****     }
 406              		.loc 1 305 28 view .LVU145
 407 0080 CB60     		str	r3, [r1, #12]
 408              		.loc 1 309 10 view .LVU146
 409 0082 0020     		movs	r0, #0
 410 0084 04E0     		b	.L18
 411              	.LVL28:
 412              	.L24:
 247:Drivers/STM32L0xx_HAL_Driver/Src/stm32l0xx_hal_exti.c ****   }
 413              		.loc 1 247 12 view .LVU147
 414 0086 0120     		movs	r0, #1
 415              	.LVL29:
 247:Drivers/STM32L0xx_HAL_Driver/Src/stm32l0xx_hal_exti.c ****   }
 416              		.loc 1 247 12 view .LVU148
 417 0088 02E0     		b	.L18
 418              	.LVL30:
 419              	.L25:
 247:Drivers/STM32L0xx_HAL_Driver/Src/stm32l0xx_hal_exti.c ****   }
 420              		.loc 1 247 12 view .LVU149
 421 008a 0120     		movs	r0, #1
 422              	.LVL31:
 247:Drivers/STM32L0xx_HAL_Driver/Src/stm32l0xx_hal_exti.c ****   }
 423              		.loc 1 247 12 view .LVU150
 424 008c 00E0     		b	.L18
 425              	.LVL32:
 426              	.L26:
 427              		.loc 1 309 10 view .LVU151
 428 008e 0020     		movs	r0, #0
 429              	.LVL33:
 430              	.L18:
 310:Drivers/STM32L0xx_HAL_Driver/Src/stm32l0xx_hal_exti.c **** }
 431              		.loc 1 310 1 view .LVU152
 432              		@ sp needed
 433 0090 30BD     		pop	{r4, r5, pc}
 434              	.L30:
 435 0092 C046     		.align	2
 436              	.L29:
 437 0094 00040140 		.word	1073808384
 438 0098 00000140 		.word	1073807360
 439              		.cfi_endproc
 440              	.LFE41:
ARM GAS  C:\Users\jarne\AppData\Local\Temp\ccVk9lmc.s 			page 15


 442              		.section	.text.HAL_EXTI_ClearConfigLine,"ax",%progbits
 443              		.align	1
 444              		.global	HAL_EXTI_ClearConfigLine
 445              		.syntax unified
 446              		.code	16
 447              		.thumb_func
 449              	HAL_EXTI_ClearConfigLine:
 450              	.LVL34:
 451              	.LFB42:
 311:Drivers/STM32L0xx_HAL_Driver/Src/stm32l0xx_hal_exti.c **** 
 312:Drivers/STM32L0xx_HAL_Driver/Src/stm32l0xx_hal_exti.c **** /**
 313:Drivers/STM32L0xx_HAL_Driver/Src/stm32l0xx_hal_exti.c ****   * @brief  Clear whole configuration of a dedicated Exti line.
 314:Drivers/STM32L0xx_HAL_Driver/Src/stm32l0xx_hal_exti.c ****   * @param  hexti Exti handle.
 315:Drivers/STM32L0xx_HAL_Driver/Src/stm32l0xx_hal_exti.c ****   * @retval HAL Status.
 316:Drivers/STM32L0xx_HAL_Driver/Src/stm32l0xx_hal_exti.c ****   */
 317:Drivers/STM32L0xx_HAL_Driver/Src/stm32l0xx_hal_exti.c **** HAL_StatusTypeDef HAL_EXTI_ClearConfigLine(EXTI_HandleTypeDef *hexti)
 318:Drivers/STM32L0xx_HAL_Driver/Src/stm32l0xx_hal_exti.c **** {
 452              		.loc 1 318 1 is_stmt 1 view -0
 453              		.cfi_startproc
 454              		@ args = 0, pretend = 0, frame = 0
 455              		@ frame_needed = 0, uses_anonymous_args = 0
 456              		.loc 1 318 1 is_stmt 0 view .LVU154
 457 0000 70B5     		push	{r4, r5, r6, lr}
 458              		.cfi_def_cfa_offset 16
 459              		.cfi_offset 4, -16
 460              		.cfi_offset 5, -12
 461              		.cfi_offset 6, -8
 462              		.cfi_offset 14, -4
 319:Drivers/STM32L0xx_HAL_Driver/Src/stm32l0xx_hal_exti.c ****   uint32_t regval;
 463              		.loc 1 319 3 is_stmt 1 view .LVU155
 320:Drivers/STM32L0xx_HAL_Driver/Src/stm32l0xx_hal_exti.c ****   uint32_t linepos;
 464              		.loc 1 320 3 view .LVU156
 321:Drivers/STM32L0xx_HAL_Driver/Src/stm32l0xx_hal_exti.c ****   uint32_t maskline;
 465              		.loc 1 321 3 view .LVU157
 322:Drivers/STM32L0xx_HAL_Driver/Src/stm32l0xx_hal_exti.c **** 
 323:Drivers/STM32L0xx_HAL_Driver/Src/stm32l0xx_hal_exti.c ****   /* Check null pointer */
 324:Drivers/STM32L0xx_HAL_Driver/Src/stm32l0xx_hal_exti.c ****   if (hexti == NULL)
 466              		.loc 1 324 3 view .LVU158
 467              		.loc 1 324 6 is_stmt 0 view .LVU159
 468 0002 0028     		cmp	r0, #0
 469 0004 2CD0     		beq	.L33
 325:Drivers/STM32L0xx_HAL_Driver/Src/stm32l0xx_hal_exti.c ****   {
 326:Drivers/STM32L0xx_HAL_Driver/Src/stm32l0xx_hal_exti.c ****     return HAL_ERROR;
 327:Drivers/STM32L0xx_HAL_Driver/Src/stm32l0xx_hal_exti.c ****   }
 328:Drivers/STM32L0xx_HAL_Driver/Src/stm32l0xx_hal_exti.c **** 
 329:Drivers/STM32L0xx_HAL_Driver/Src/stm32l0xx_hal_exti.c ****   /* Check the parameter */
 330:Drivers/STM32L0xx_HAL_Driver/Src/stm32l0xx_hal_exti.c ****   assert_param(IS_EXTI_LINE(hexti->Line));
 470              		.loc 1 330 3 is_stmt 1 view .LVU160
 331:Drivers/STM32L0xx_HAL_Driver/Src/stm32l0xx_hal_exti.c **** 
 332:Drivers/STM32L0xx_HAL_Driver/Src/stm32l0xx_hal_exti.c ****   /* compute line mask */
 333:Drivers/STM32L0xx_HAL_Driver/Src/stm32l0xx_hal_exti.c ****   linepos = (hexti->Line & EXTI_PIN_MASK);
 471              		.loc 1 333 3 view .LVU161
 472              		.loc 1 333 19 is_stmt 0 view .LVU162
 473 0006 0568     		ldr	r5, [r0]
 474              		.loc 1 333 11 view .LVU163
 475 0008 1F22     		movs	r2, #31
 476 000a 2A40     		ands	r2, r5
ARM GAS  C:\Users\jarne\AppData\Local\Temp\ccVk9lmc.s 			page 16


 477              	.LVL35:
 334:Drivers/STM32L0xx_HAL_Driver/Src/stm32l0xx_hal_exti.c ****   maskline = (1uL << linepos);
 478              		.loc 1 334 3 is_stmt 1 view .LVU164
 479              		.loc 1 334 12 is_stmt 0 view .LVU165
 480 000c 0123     		movs	r3, #1
 481 000e 9340     		lsls	r3, r3, r2
 482              	.LVL36:
 335:Drivers/STM32L0xx_HAL_Driver/Src/stm32l0xx_hal_exti.c **** 
 336:Drivers/STM32L0xx_HAL_Driver/Src/stm32l0xx_hal_exti.c ****   /* 1] Clear interrupt mode */
 337:Drivers/STM32L0xx_HAL_Driver/Src/stm32l0xx_hal_exti.c ****   EXTI->IMR = (EXTI->IMR & ~maskline);
 483              		.loc 1 337 3 is_stmt 1 view .LVU166
 484              		.loc 1 337 20 is_stmt 0 view .LVU167
 485 0010 1549     		ldr	r1, .L37
 486 0012 0C68     		ldr	r4, [r1]
 487              		.loc 1 337 28 view .LVU168
 488 0014 DE43     		mvns	r6, r3
 489              		.loc 1 337 26 view .LVU169
 490 0016 9C43     		bics	r4, r3
 491              		.loc 1 337 13 view .LVU170
 492 0018 0C60     		str	r4, [r1]
 338:Drivers/STM32L0xx_HAL_Driver/Src/stm32l0xx_hal_exti.c **** 
 339:Drivers/STM32L0xx_HAL_Driver/Src/stm32l0xx_hal_exti.c ****   /* 2] Clear event mode */
 340:Drivers/STM32L0xx_HAL_Driver/Src/stm32l0xx_hal_exti.c ****   EXTI->EMR = (EXTI->EMR & ~maskline);
 493              		.loc 1 340 3 is_stmt 1 view .LVU171
 494              		.loc 1 340 20 is_stmt 0 view .LVU172
 495 001a 4C68     		ldr	r4, [r1, #4]
 496              		.loc 1 340 26 view .LVU173
 497 001c 9C43     		bics	r4, r3
 498              		.loc 1 340 13 view .LVU174
 499 001e 4C60     		str	r4, [r1, #4]
 341:Drivers/STM32L0xx_HAL_Driver/Src/stm32l0xx_hal_exti.c **** 
 342:Drivers/STM32L0xx_HAL_Driver/Src/stm32l0xx_hal_exti.c ****   /* 3] Clear triggers in case of configurable lines */
 343:Drivers/STM32L0xx_HAL_Driver/Src/stm32l0xx_hal_exti.c ****   if ((hexti->Line & EXTI_CONFIG) != 0x00u)
 500              		.loc 1 343 3 is_stmt 1 view .LVU175
 501              		.loc 1 343 13 is_stmt 0 view .LVU176
 502 0020 0368     		ldr	r3, [r0]
 503              	.LVL37:
 504              		.loc 1 343 6 view .LVU177
 505 0022 9B01     		lsls	r3, r3, #6
 506 0024 1ED5     		bpl	.L34
 344:Drivers/STM32L0xx_HAL_Driver/Src/stm32l0xx_hal_exti.c ****   {
 345:Drivers/STM32L0xx_HAL_Driver/Src/stm32l0xx_hal_exti.c ****     EXTI->RTSR = (EXTI->RTSR & ~maskline);
 507              		.loc 1 345 5 is_stmt 1 view .LVU178
 508              		.loc 1 345 23 is_stmt 0 view .LVU179
 509 0026 0B00     		movs	r3, r1
 510 0028 8968     		ldr	r1, [r1, #8]
 511              		.loc 1 345 30 view .LVU180
 512 002a 3140     		ands	r1, r6
 513              		.loc 1 345 16 view .LVU181
 514 002c 9960     		str	r1, [r3, #8]
 346:Drivers/STM32L0xx_HAL_Driver/Src/stm32l0xx_hal_exti.c ****     EXTI->FTSR = (EXTI->FTSR & ~maskline);
 515              		.loc 1 346 5 is_stmt 1 view .LVU182
 516              		.loc 1 346 23 is_stmt 0 view .LVU183
 517 002e D968     		ldr	r1, [r3, #12]
 518              		.loc 1 346 30 view .LVU184
 519 0030 3140     		ands	r1, r6
 520              		.loc 1 346 16 view .LVU185
ARM GAS  C:\Users\jarne\AppData\Local\Temp\ccVk9lmc.s 			page 17


 521 0032 D960     		str	r1, [r3, #12]
 347:Drivers/STM32L0xx_HAL_Driver/Src/stm32l0xx_hal_exti.c **** 
 348:Drivers/STM32L0xx_HAL_Driver/Src/stm32l0xx_hal_exti.c ****     /* Get Gpio port selection for gpio lines */
 349:Drivers/STM32L0xx_HAL_Driver/Src/stm32l0xx_hal_exti.c ****     if ((hexti->Line & EXTI_GPIO) == EXTI_GPIO)
 522              		.loc 1 349 5 is_stmt 1 view .LVU186
 523              		.loc 1 349 15 is_stmt 0 view .LVU187
 524 0034 0368     		ldr	r3, [r0]
 525              		.loc 1 349 22 view .LVU188
 526 0036 C021     		movs	r1, #192
 527 0038 C904     		lsls	r1, r1, #19
 528 003a 0B40     		ands	r3, r1
 529              		.loc 1 349 8 view .LVU189
 530 003c 8B42     		cmp	r3, r1
 531 003e 01D0     		beq	.L36
 350:Drivers/STM32L0xx_HAL_Driver/Src/stm32l0xx_hal_exti.c ****     {
 351:Drivers/STM32L0xx_HAL_Driver/Src/stm32l0xx_hal_exti.c ****       assert_param(IS_EXTI_GPIO_PIN(linepos));
 352:Drivers/STM32L0xx_HAL_Driver/Src/stm32l0xx_hal_exti.c **** 
 353:Drivers/STM32L0xx_HAL_Driver/Src/stm32l0xx_hal_exti.c ****       regval = SYSCFG->EXTICR[linepos >> 2u];
 354:Drivers/STM32L0xx_HAL_Driver/Src/stm32l0xx_hal_exti.c ****       regval &= ~(SYSCFG_EXTICR1_EXTI0 << (SYSCFG_EXTICR1_EXTI1_Pos * (linepos & 0x03u)));
 355:Drivers/STM32L0xx_HAL_Driver/Src/stm32l0xx_hal_exti.c ****       SYSCFG->EXTICR[linepos >> 2u] = regval;
 356:Drivers/STM32L0xx_HAL_Driver/Src/stm32l0xx_hal_exti.c ****     }
 357:Drivers/STM32L0xx_HAL_Driver/Src/stm32l0xx_hal_exti.c ****   }
 358:Drivers/STM32L0xx_HAL_Driver/Src/stm32l0xx_hal_exti.c **** 
 359:Drivers/STM32L0xx_HAL_Driver/Src/stm32l0xx_hal_exti.c ****   return HAL_OK;
 532              		.loc 1 359 10 view .LVU190
 533 0040 0020     		movs	r0, #0
 534              	.LVL38:
 535              		.loc 1 359 10 view .LVU191
 536 0042 10E0     		b	.L32
 537              	.LVL39:
 538              	.L36:
 351:Drivers/STM32L0xx_HAL_Driver/Src/stm32l0xx_hal_exti.c **** 
 539              		.loc 1 351 7 is_stmt 1 view .LVU192
 353:Drivers/STM32L0xx_HAL_Driver/Src/stm32l0xx_hal_exti.c ****       regval &= ~(SYSCFG_EXTICR1_EXTI0 << (SYSCFG_EXTICR1_EXTI1_Pos * (linepos & 0x03u)));
 540              		.loc 1 353 7 view .LVU193
 353:Drivers/STM32L0xx_HAL_Driver/Src/stm32l0xx_hal_exti.c ****       regval &= ~(SYSCFG_EXTICR1_EXTI0 << (SYSCFG_EXTICR1_EXTI1_Pos * (linepos & 0x03u)));
 541              		.loc 1 353 39 is_stmt 0 view .LVU194
 542 0044 9208     		lsrs	r2, r2, #2
 543              	.LVL40:
 353:Drivers/STM32L0xx_HAL_Driver/Src/stm32l0xx_hal_exti.c ****       regval &= ~(SYSCFG_EXTICR1_EXTI0 << (SYSCFG_EXTICR1_EXTI1_Pos * (linepos & 0x03u)));
 544              		.loc 1 353 14 view .LVU195
 545 0046 094C     		ldr	r4, .L37+4
 546 0048 0232     		adds	r2, r2, #2
 547 004a 9200     		lsls	r2, r2, #2
 548 004c 1159     		ldr	r1, [r2, r4]
 549              	.LVL41:
 354:Drivers/STM32L0xx_HAL_Driver/Src/stm32l0xx_hal_exti.c ****       SYSCFG->EXTICR[linepos >> 2u] = regval;
 550              		.loc 1 354 7 is_stmt 1 view .LVU196
 354:Drivers/STM32L0xx_HAL_Driver/Src/stm32l0xx_hal_exti.c ****       SYSCFG->EXTICR[linepos >> 2u] = regval;
 551              		.loc 1 354 80 is_stmt 0 view .LVU197
 552 004e 0323     		movs	r3, #3
 553 0050 2B40     		ands	r3, r5
 354:Drivers/STM32L0xx_HAL_Driver/Src/stm32l0xx_hal_exti.c ****       SYSCFG->EXTICR[linepos >> 2u] = regval;
 554              		.loc 1 354 69 view .LVU198
 555 0052 9B00     		lsls	r3, r3, #2
 354:Drivers/STM32L0xx_HAL_Driver/Src/stm32l0xx_hal_exti.c ****       SYSCFG->EXTICR[linepos >> 2u] = regval;
 556              		.loc 1 354 40 view .LVU199
ARM GAS  C:\Users\jarne\AppData\Local\Temp\ccVk9lmc.s 			page 18


 557 0054 0F20     		movs	r0, #15
 558              	.LVL42:
 354:Drivers/STM32L0xx_HAL_Driver/Src/stm32l0xx_hal_exti.c ****       SYSCFG->EXTICR[linepos >> 2u] = regval;
 559              		.loc 1 354 40 view .LVU200
 560 0056 9840     		lsls	r0, r0, r3
 354:Drivers/STM32L0xx_HAL_Driver/Src/stm32l0xx_hal_exti.c ****       SYSCFG->EXTICR[linepos >> 2u] = regval;
 561              		.loc 1 354 14 view .LVU201
 562 0058 8143     		bics	r1, r0
 563              	.LVL43:
 355:Drivers/STM32L0xx_HAL_Driver/Src/stm32l0xx_hal_exti.c ****     }
 564              		.loc 1 355 7 is_stmt 1 view .LVU202
 355:Drivers/STM32L0xx_HAL_Driver/Src/stm32l0xx_hal_exti.c ****     }
 565              		.loc 1 355 37 is_stmt 0 view .LVU203
 566 005a 1151     		str	r1, [r2, r4]
 567              		.loc 1 359 10 view .LVU204
 568 005c 0020     		movs	r0, #0
 569 005e 02E0     		b	.L32
 570              	.LVL44:
 571              	.L33:
 326:Drivers/STM32L0xx_HAL_Driver/Src/stm32l0xx_hal_exti.c ****   }
 572              		.loc 1 326 12 view .LVU205
 573 0060 0120     		movs	r0, #1
 574              	.LVL45:
 326:Drivers/STM32L0xx_HAL_Driver/Src/stm32l0xx_hal_exti.c ****   }
 575              		.loc 1 326 12 view .LVU206
 576 0062 00E0     		b	.L32
 577              	.LVL46:
 578              	.L34:
 579              		.loc 1 359 10 view .LVU207
 580 0064 0020     		movs	r0, #0
 581              	.LVL47:
 582              	.L32:
 360:Drivers/STM32L0xx_HAL_Driver/Src/stm32l0xx_hal_exti.c **** }
 583              		.loc 1 360 1 view .LVU208
 584              		@ sp needed
 585 0066 70BD     		pop	{r4, r5, r6, pc}
 586              	.L38:
 587              		.align	2
 588              	.L37:
 589 0068 00040140 		.word	1073808384
 590 006c 00000140 		.word	1073807360
 591              		.cfi_endproc
 592              	.LFE42:
 594              		.section	.text.HAL_EXTI_RegisterCallback,"ax",%progbits
 595              		.align	1
 596              		.global	HAL_EXTI_RegisterCallback
 597              		.syntax unified
 598              		.code	16
 599              		.thumb_func
 601              	HAL_EXTI_RegisterCallback:
 602              	.LVL48:
 603              	.LFB43:
 361:Drivers/STM32L0xx_HAL_Driver/Src/stm32l0xx_hal_exti.c **** 
 362:Drivers/STM32L0xx_HAL_Driver/Src/stm32l0xx_hal_exti.c **** /**
 363:Drivers/STM32L0xx_HAL_Driver/Src/stm32l0xx_hal_exti.c ****   * @brief  Register callback for a dedicated Exti line.
 364:Drivers/STM32L0xx_HAL_Driver/Src/stm32l0xx_hal_exti.c ****   * @param  hexti Exti handle.
 365:Drivers/STM32L0xx_HAL_Driver/Src/stm32l0xx_hal_exti.c ****   * @param  CallbackID User callback identifier.
ARM GAS  C:\Users\jarne\AppData\Local\Temp\ccVk9lmc.s 			page 19


 366:Drivers/STM32L0xx_HAL_Driver/Src/stm32l0xx_hal_exti.c ****   *         This parameter can be one of @arg @ref EXTI_CallbackIDTypeDef values.
 367:Drivers/STM32L0xx_HAL_Driver/Src/stm32l0xx_hal_exti.c ****   * @param  pPendingCbfn function pointer to be stored as callback.
 368:Drivers/STM32L0xx_HAL_Driver/Src/stm32l0xx_hal_exti.c ****   * @retval HAL Status.
 369:Drivers/STM32L0xx_HAL_Driver/Src/stm32l0xx_hal_exti.c ****   */
 370:Drivers/STM32L0xx_HAL_Driver/Src/stm32l0xx_hal_exti.c **** HAL_StatusTypeDef HAL_EXTI_RegisterCallback(EXTI_HandleTypeDef *hexti, EXTI_CallbackIDTypeDef Callb
 371:Drivers/STM32L0xx_HAL_Driver/Src/stm32l0xx_hal_exti.c **** {
 604              		.loc 1 371 1 is_stmt 1 view -0
 605              		.cfi_startproc
 606              		@ args = 0, pretend = 0, frame = 0
 607              		@ frame_needed = 0, uses_anonymous_args = 0
 608              		@ link register save eliminated.
 372:Drivers/STM32L0xx_HAL_Driver/Src/stm32l0xx_hal_exti.c ****   HAL_StatusTypeDef status = HAL_OK;
 609              		.loc 1 372 3 view .LVU210
 373:Drivers/STM32L0xx_HAL_Driver/Src/stm32l0xx_hal_exti.c **** 
 374:Drivers/STM32L0xx_HAL_Driver/Src/stm32l0xx_hal_exti.c ****   switch (CallbackID)
 610              		.loc 1 374 3 view .LVU211
 611 0000 0029     		cmp	r1, #0
 612 0002 02D1     		bne	.L41
 375:Drivers/STM32L0xx_HAL_Driver/Src/stm32l0xx_hal_exti.c ****   {
 376:Drivers/STM32L0xx_HAL_Driver/Src/stm32l0xx_hal_exti.c ****     case  HAL_EXTI_COMMON_CB_ID:
 377:Drivers/STM32L0xx_HAL_Driver/Src/stm32l0xx_hal_exti.c ****       hexti->PendingCallback = pPendingCbfn;
 613              		.loc 1 377 7 view .LVU212
 614              		.loc 1 377 30 is_stmt 0 view .LVU213
 615 0004 4260     		str	r2, [r0, #4]
 378:Drivers/STM32L0xx_HAL_Driver/Src/stm32l0xx_hal_exti.c ****       break;
 616              		.loc 1 378 7 is_stmt 1 view .LVU214
 372:Drivers/STM32L0xx_HAL_Driver/Src/stm32l0xx_hal_exti.c **** 
 617              		.loc 1 372 21 is_stmt 0 view .LVU215
 618 0006 0800     		movs	r0, r1
 619              	.LVL49:
 620              	.L40:
 379:Drivers/STM32L0xx_HAL_Driver/Src/stm32l0xx_hal_exti.c **** 
 380:Drivers/STM32L0xx_HAL_Driver/Src/stm32l0xx_hal_exti.c ****     default:
 381:Drivers/STM32L0xx_HAL_Driver/Src/stm32l0xx_hal_exti.c ****       status = HAL_ERROR;
 382:Drivers/STM32L0xx_HAL_Driver/Src/stm32l0xx_hal_exti.c ****       break;
 383:Drivers/STM32L0xx_HAL_Driver/Src/stm32l0xx_hal_exti.c ****   }
 384:Drivers/STM32L0xx_HAL_Driver/Src/stm32l0xx_hal_exti.c **** 
 385:Drivers/STM32L0xx_HAL_Driver/Src/stm32l0xx_hal_exti.c ****   return status;
 621              		.loc 1 385 3 is_stmt 1 view .LVU216
 386:Drivers/STM32L0xx_HAL_Driver/Src/stm32l0xx_hal_exti.c **** }
 622              		.loc 1 386 1 is_stmt 0 view .LVU217
 623              		@ sp needed
 624 0008 7047     		bx	lr
 625              	.LVL50:
 626              	.L41:
 381:Drivers/STM32L0xx_HAL_Driver/Src/stm32l0xx_hal_exti.c ****       break;
 627              		.loc 1 381 14 view .LVU218
 628 000a 0120     		movs	r0, #1
 629              	.LVL51:
 381:Drivers/STM32L0xx_HAL_Driver/Src/stm32l0xx_hal_exti.c ****       break;
 630              		.loc 1 381 14 view .LVU219
 631 000c FCE7     		b	.L40
 632              		.cfi_endproc
 633              	.LFE43:
 635              		.section	.text.HAL_EXTI_GetHandle,"ax",%progbits
 636              		.align	1
 637              		.global	HAL_EXTI_GetHandle
ARM GAS  C:\Users\jarne\AppData\Local\Temp\ccVk9lmc.s 			page 20


 638              		.syntax unified
 639              		.code	16
 640              		.thumb_func
 642              	HAL_EXTI_GetHandle:
 643              	.LVL52:
 644              	.LFB44:
 387:Drivers/STM32L0xx_HAL_Driver/Src/stm32l0xx_hal_exti.c **** 
 388:Drivers/STM32L0xx_HAL_Driver/Src/stm32l0xx_hal_exti.c **** /**
 389:Drivers/STM32L0xx_HAL_Driver/Src/stm32l0xx_hal_exti.c ****   * @brief  Store line number as handle private field.
 390:Drivers/STM32L0xx_HAL_Driver/Src/stm32l0xx_hal_exti.c ****   * @param  hexti Exti handle.
 391:Drivers/STM32L0xx_HAL_Driver/Src/stm32l0xx_hal_exti.c ****   * @param  ExtiLine Exti line number.
 392:Drivers/STM32L0xx_HAL_Driver/Src/stm32l0xx_hal_exti.c ****   *         This parameter can be from 0 to @ref EXTI_LINE_NB.
 393:Drivers/STM32L0xx_HAL_Driver/Src/stm32l0xx_hal_exti.c ****   * @retval HAL Status.
 394:Drivers/STM32L0xx_HAL_Driver/Src/stm32l0xx_hal_exti.c ****   */
 395:Drivers/STM32L0xx_HAL_Driver/Src/stm32l0xx_hal_exti.c **** HAL_StatusTypeDef HAL_EXTI_GetHandle(EXTI_HandleTypeDef *hexti, uint32_t ExtiLine)
 396:Drivers/STM32L0xx_HAL_Driver/Src/stm32l0xx_hal_exti.c **** {
 645              		.loc 1 396 1 is_stmt 1 view -0
 646              		.cfi_startproc
 647              		@ args = 0, pretend = 0, frame = 0
 648              		@ frame_needed = 0, uses_anonymous_args = 0
 649              		@ link register save eliminated.
 397:Drivers/STM32L0xx_HAL_Driver/Src/stm32l0xx_hal_exti.c ****   /* Check the parameters */
 398:Drivers/STM32L0xx_HAL_Driver/Src/stm32l0xx_hal_exti.c ****   assert_param(IS_EXTI_LINE(ExtiLine));
 650              		.loc 1 398 3 view .LVU221
 399:Drivers/STM32L0xx_HAL_Driver/Src/stm32l0xx_hal_exti.c **** 
 400:Drivers/STM32L0xx_HAL_Driver/Src/stm32l0xx_hal_exti.c ****   /* Check null pointer */
 401:Drivers/STM32L0xx_HAL_Driver/Src/stm32l0xx_hal_exti.c ****   if (hexti == NULL)
 651              		.loc 1 401 3 view .LVU222
 652              		.loc 1 401 6 is_stmt 0 view .LVU223
 653 0000 0028     		cmp	r0, #0
 654 0002 02D0     		beq	.L44
 402:Drivers/STM32L0xx_HAL_Driver/Src/stm32l0xx_hal_exti.c ****   {
 403:Drivers/STM32L0xx_HAL_Driver/Src/stm32l0xx_hal_exti.c ****     return HAL_ERROR;
 404:Drivers/STM32L0xx_HAL_Driver/Src/stm32l0xx_hal_exti.c ****   }
 405:Drivers/STM32L0xx_HAL_Driver/Src/stm32l0xx_hal_exti.c ****   else
 406:Drivers/STM32L0xx_HAL_Driver/Src/stm32l0xx_hal_exti.c ****   {
 407:Drivers/STM32L0xx_HAL_Driver/Src/stm32l0xx_hal_exti.c ****     /* Store line number as handle private field */
 408:Drivers/STM32L0xx_HAL_Driver/Src/stm32l0xx_hal_exti.c ****     hexti->Line = ExtiLine;
 655              		.loc 1 408 5 is_stmt 1 view .LVU224
 656              		.loc 1 408 17 is_stmt 0 view .LVU225
 657 0004 0160     		str	r1, [r0]
 409:Drivers/STM32L0xx_HAL_Driver/Src/stm32l0xx_hal_exti.c **** 
 410:Drivers/STM32L0xx_HAL_Driver/Src/stm32l0xx_hal_exti.c ****     return HAL_OK;
 658              		.loc 1 410 5 is_stmt 1 view .LVU226
 659              		.loc 1 410 12 is_stmt 0 view .LVU227
 660 0006 0020     		movs	r0, #0
 661              	.LVL53:
 662              	.L43:
 411:Drivers/STM32L0xx_HAL_Driver/Src/stm32l0xx_hal_exti.c ****   }
 412:Drivers/STM32L0xx_HAL_Driver/Src/stm32l0xx_hal_exti.c **** }
 663              		.loc 1 412 1 view .LVU228
 664              		@ sp needed
 665 0008 7047     		bx	lr
 666              	.LVL54:
 667              	.L44:
 403:Drivers/STM32L0xx_HAL_Driver/Src/stm32l0xx_hal_exti.c ****   }
 668              		.loc 1 403 12 view .LVU229
ARM GAS  C:\Users\jarne\AppData\Local\Temp\ccVk9lmc.s 			page 21


 669 000a 0120     		movs	r0, #1
 670              	.LVL55:
 403:Drivers/STM32L0xx_HAL_Driver/Src/stm32l0xx_hal_exti.c ****   }
 671              		.loc 1 403 12 view .LVU230
 672 000c FCE7     		b	.L43
 673              		.cfi_endproc
 674              	.LFE44:
 676              		.section	.text.HAL_EXTI_IRQHandler,"ax",%progbits
 677              		.align	1
 678              		.global	HAL_EXTI_IRQHandler
 679              		.syntax unified
 680              		.code	16
 681              		.thumb_func
 683              	HAL_EXTI_IRQHandler:
 684              	.LVL56:
 685              	.LFB45:
 413:Drivers/STM32L0xx_HAL_Driver/Src/stm32l0xx_hal_exti.c **** 
 414:Drivers/STM32L0xx_HAL_Driver/Src/stm32l0xx_hal_exti.c **** /**
 415:Drivers/STM32L0xx_HAL_Driver/Src/stm32l0xx_hal_exti.c ****   * @}
 416:Drivers/STM32L0xx_HAL_Driver/Src/stm32l0xx_hal_exti.c ****   */
 417:Drivers/STM32L0xx_HAL_Driver/Src/stm32l0xx_hal_exti.c **** 
 418:Drivers/STM32L0xx_HAL_Driver/Src/stm32l0xx_hal_exti.c **** /** @addtogroup EXTI_Exported_Functions_Group2
 419:Drivers/STM32L0xx_HAL_Driver/Src/stm32l0xx_hal_exti.c ****   *  @brief EXTI IO functions.
 420:Drivers/STM32L0xx_HAL_Driver/Src/stm32l0xx_hal_exti.c ****   *
 421:Drivers/STM32L0xx_HAL_Driver/Src/stm32l0xx_hal_exti.c **** @verbatim
 422:Drivers/STM32L0xx_HAL_Driver/Src/stm32l0xx_hal_exti.c ****  ===============================================================================
 423:Drivers/STM32L0xx_HAL_Driver/Src/stm32l0xx_hal_exti.c ****                        ##### IO operation functions #####
 424:Drivers/STM32L0xx_HAL_Driver/Src/stm32l0xx_hal_exti.c ****  ===============================================================================
 425:Drivers/STM32L0xx_HAL_Driver/Src/stm32l0xx_hal_exti.c **** 
 426:Drivers/STM32L0xx_HAL_Driver/Src/stm32l0xx_hal_exti.c **** @endverbatim
 427:Drivers/STM32L0xx_HAL_Driver/Src/stm32l0xx_hal_exti.c ****   * @{
 428:Drivers/STM32L0xx_HAL_Driver/Src/stm32l0xx_hal_exti.c ****   */
 429:Drivers/STM32L0xx_HAL_Driver/Src/stm32l0xx_hal_exti.c **** 
 430:Drivers/STM32L0xx_HAL_Driver/Src/stm32l0xx_hal_exti.c **** /**
 431:Drivers/STM32L0xx_HAL_Driver/Src/stm32l0xx_hal_exti.c ****   * @brief  Handle EXTI interrupt request.
 432:Drivers/STM32L0xx_HAL_Driver/Src/stm32l0xx_hal_exti.c ****   * @param  hexti Exti handle.
 433:Drivers/STM32L0xx_HAL_Driver/Src/stm32l0xx_hal_exti.c ****   * @retval none.
 434:Drivers/STM32L0xx_HAL_Driver/Src/stm32l0xx_hal_exti.c ****   */
 435:Drivers/STM32L0xx_HAL_Driver/Src/stm32l0xx_hal_exti.c **** void HAL_EXTI_IRQHandler(EXTI_HandleTypeDef *hexti)
 436:Drivers/STM32L0xx_HAL_Driver/Src/stm32l0xx_hal_exti.c **** {
 686              		.loc 1 436 1 is_stmt 1 view -0
 687              		.cfi_startproc
 688              		@ args = 0, pretend = 0, frame = 0
 689              		@ frame_needed = 0, uses_anonymous_args = 0
 690              		.loc 1 436 1 is_stmt 0 view .LVU232
 691 0000 10B5     		push	{r4, lr}
 692              		.cfi_def_cfa_offset 8
 693              		.cfi_offset 4, -8
 694              		.cfi_offset 14, -4
 437:Drivers/STM32L0xx_HAL_Driver/Src/stm32l0xx_hal_exti.c ****   uint32_t regval;
 695              		.loc 1 437 3 is_stmt 1 view .LVU233
 438:Drivers/STM32L0xx_HAL_Driver/Src/stm32l0xx_hal_exti.c ****   uint32_t maskline;
 696              		.loc 1 438 3 view .LVU234
 439:Drivers/STM32L0xx_HAL_Driver/Src/stm32l0xx_hal_exti.c **** 
 440:Drivers/STM32L0xx_HAL_Driver/Src/stm32l0xx_hal_exti.c ****   /* Compute line mask */
 441:Drivers/STM32L0xx_HAL_Driver/Src/stm32l0xx_hal_exti.c ****   maskline = (1uL << (hexti->Line & EXTI_PIN_MASK));
 697              		.loc 1 441 3 view .LVU235
ARM GAS  C:\Users\jarne\AppData\Local\Temp\ccVk9lmc.s 			page 22


 698              		.loc 1 441 28 is_stmt 0 view .LVU236
 699 0002 0368     		ldr	r3, [r0]
 700              		.loc 1 441 35 view .LVU237
 701 0004 1F22     		movs	r2, #31
 702 0006 1A40     		ands	r2, r3
 703              		.loc 1 441 12 view .LVU238
 704 0008 0123     		movs	r3, #1
 705 000a 9340     		lsls	r3, r3, r2
 706              	.LVL57:
 442:Drivers/STM32L0xx_HAL_Driver/Src/stm32l0xx_hal_exti.c **** 
 443:Drivers/STM32L0xx_HAL_Driver/Src/stm32l0xx_hal_exti.c ****   /* Get pending bit  */
 444:Drivers/STM32L0xx_HAL_Driver/Src/stm32l0xx_hal_exti.c ****   regval = (EXTI->PR & maskline);
 707              		.loc 1 444 3 is_stmt 1 view .LVU239
 708              		.loc 1 444 17 is_stmt 0 view .LVU240
 709 000c 054A     		ldr	r2, .L47
 710 000e 5269     		ldr	r2, [r2, #20]
 711              	.LVL58:
 445:Drivers/STM32L0xx_HAL_Driver/Src/stm32l0xx_hal_exti.c ****   if (regval != 0x00u)
 712              		.loc 1 445 3 is_stmt 1 view .LVU241
 713              		.loc 1 445 6 is_stmt 0 view .LVU242
 714 0010 1342     		tst	r3, r2
 715 0012 05D0     		beq	.L45
 446:Drivers/STM32L0xx_HAL_Driver/Src/stm32l0xx_hal_exti.c ****   {
 447:Drivers/STM32L0xx_HAL_Driver/Src/stm32l0xx_hal_exti.c ****     /* Clear pending bit */
 448:Drivers/STM32L0xx_HAL_Driver/Src/stm32l0xx_hal_exti.c ****     EXTI->PR = maskline;
 716              		.loc 1 448 5 is_stmt 1 view .LVU243
 717              		.loc 1 448 14 is_stmt 0 view .LVU244
 718 0014 034A     		ldr	r2, .L47
 719              	.LVL59:
 720              		.loc 1 448 14 view .LVU245
 721 0016 5361     		str	r3, [r2, #20]
 449:Drivers/STM32L0xx_HAL_Driver/Src/stm32l0xx_hal_exti.c **** 
 450:Drivers/STM32L0xx_HAL_Driver/Src/stm32l0xx_hal_exti.c ****     /* Call callback */
 451:Drivers/STM32L0xx_HAL_Driver/Src/stm32l0xx_hal_exti.c ****     if (hexti->PendingCallback != NULL)
 722              		.loc 1 451 5 is_stmt 1 view .LVU246
 723              		.loc 1 451 14 is_stmt 0 view .LVU247
 724 0018 4368     		ldr	r3, [r0, #4]
 725              	.LVL60:
 726              		.loc 1 451 8 view .LVU248
 727 001a 002B     		cmp	r3, #0
 728 001c 00D0     		beq	.L45
 452:Drivers/STM32L0xx_HAL_Driver/Src/stm32l0xx_hal_exti.c ****     {
 453:Drivers/STM32L0xx_HAL_Driver/Src/stm32l0xx_hal_exti.c ****       hexti->PendingCallback();
 729              		.loc 1 453 7 is_stmt 1 view .LVU249
 730 001e 9847     		blx	r3
 731              	.LVL61:
 732              	.L45:
 454:Drivers/STM32L0xx_HAL_Driver/Src/stm32l0xx_hal_exti.c ****     }
 455:Drivers/STM32L0xx_HAL_Driver/Src/stm32l0xx_hal_exti.c ****   }
 456:Drivers/STM32L0xx_HAL_Driver/Src/stm32l0xx_hal_exti.c **** }
 733              		.loc 1 456 1 is_stmt 0 view .LVU250
 734              		@ sp needed
 735 0020 10BD     		pop	{r4, pc}
 736              	.L48:
 737 0022 C046     		.align	2
 738              	.L47:
 739 0024 00040140 		.word	1073808384
ARM GAS  C:\Users\jarne\AppData\Local\Temp\ccVk9lmc.s 			page 23


 740              		.cfi_endproc
 741              	.LFE45:
 743              		.section	.text.HAL_EXTI_GetPending,"ax",%progbits
 744              		.align	1
 745              		.global	HAL_EXTI_GetPending
 746              		.syntax unified
 747              		.code	16
 748              		.thumb_func
 750              	HAL_EXTI_GetPending:
 751              	.LVL62:
 752              	.LFB46:
 457:Drivers/STM32L0xx_HAL_Driver/Src/stm32l0xx_hal_exti.c **** 
 458:Drivers/STM32L0xx_HAL_Driver/Src/stm32l0xx_hal_exti.c **** /**
 459:Drivers/STM32L0xx_HAL_Driver/Src/stm32l0xx_hal_exti.c ****   * @brief  Get interrupt pending bit of a dedicated line.
 460:Drivers/STM32L0xx_HAL_Driver/Src/stm32l0xx_hal_exti.c ****   * @param  hexti Exti handle.
 461:Drivers/STM32L0xx_HAL_Driver/Src/stm32l0xx_hal_exti.c ****   * @param  Edge Specify which pending edge as to be checked.
 462:Drivers/STM32L0xx_HAL_Driver/Src/stm32l0xx_hal_exti.c ****   *         This parameter can be one of the following values:
 463:Drivers/STM32L0xx_HAL_Driver/Src/stm32l0xx_hal_exti.c ****   *           @arg @ref EXTI_TRIGGER_RISING_FALLING
 464:Drivers/STM32L0xx_HAL_Driver/Src/stm32l0xx_hal_exti.c ****   *         This parameter is kept for compatibility with other series.
 465:Drivers/STM32L0xx_HAL_Driver/Src/stm32l0xx_hal_exti.c ****   * @retval 1 if interrupt is pending else 0.
 466:Drivers/STM32L0xx_HAL_Driver/Src/stm32l0xx_hal_exti.c ****   */
 467:Drivers/STM32L0xx_HAL_Driver/Src/stm32l0xx_hal_exti.c **** uint32_t HAL_EXTI_GetPending(EXTI_HandleTypeDef *hexti, uint32_t Edge)
 468:Drivers/STM32L0xx_HAL_Driver/Src/stm32l0xx_hal_exti.c **** {
 753              		.loc 1 468 1 is_stmt 1 view -0
 754              		.cfi_startproc
 755              		@ args = 0, pretend = 0, frame = 0
 756              		@ frame_needed = 0, uses_anonymous_args = 0
 757              		@ link register save eliminated.
 469:Drivers/STM32L0xx_HAL_Driver/Src/stm32l0xx_hal_exti.c ****   uint32_t regval;
 758              		.loc 1 469 3 view .LVU252
 470:Drivers/STM32L0xx_HAL_Driver/Src/stm32l0xx_hal_exti.c ****   uint32_t linepos;
 759              		.loc 1 470 3 view .LVU253
 471:Drivers/STM32L0xx_HAL_Driver/Src/stm32l0xx_hal_exti.c ****   uint32_t maskline;
 760              		.loc 1 471 3 view .LVU254
 472:Drivers/STM32L0xx_HAL_Driver/Src/stm32l0xx_hal_exti.c **** 
 473:Drivers/STM32L0xx_HAL_Driver/Src/stm32l0xx_hal_exti.c ****   /* Check parameters */
 474:Drivers/STM32L0xx_HAL_Driver/Src/stm32l0xx_hal_exti.c ****   assert_param(IS_EXTI_LINE(hexti->Line));
 761              		.loc 1 474 3 view .LVU255
 475:Drivers/STM32L0xx_HAL_Driver/Src/stm32l0xx_hal_exti.c ****   assert_param(IS_EXTI_CONFIG_LINE(hexti->Line));
 762              		.loc 1 475 3 view .LVU256
 476:Drivers/STM32L0xx_HAL_Driver/Src/stm32l0xx_hal_exti.c ****   assert_param(IS_EXTI_PENDING_EDGE(Edge));
 763              		.loc 1 476 3 view .LVU257
 477:Drivers/STM32L0xx_HAL_Driver/Src/stm32l0xx_hal_exti.c **** 
 478:Drivers/STM32L0xx_HAL_Driver/Src/stm32l0xx_hal_exti.c ****   /* Compute line mask */
 479:Drivers/STM32L0xx_HAL_Driver/Src/stm32l0xx_hal_exti.c ****   linepos = (hexti->Line & EXTI_PIN_MASK);
 764              		.loc 1 479 3 view .LVU258
 765              		.loc 1 479 19 is_stmt 0 view .LVU259
 766 0000 0268     		ldr	r2, [r0]
 767              		.loc 1 479 11 view .LVU260
 768 0002 1F23     		movs	r3, #31
 769 0004 1340     		ands	r3, r2
 770              	.LVL63:
 480:Drivers/STM32L0xx_HAL_Driver/Src/stm32l0xx_hal_exti.c ****   maskline = (1uL << linepos);
 771              		.loc 1 480 3 is_stmt 1 view .LVU261
 772              		.loc 1 480 12 is_stmt 0 view .LVU262
 773 0006 0120     		movs	r0, #1
 774              	.LVL64:
ARM GAS  C:\Users\jarne\AppData\Local\Temp\ccVk9lmc.s 			page 24


 775              		.loc 1 480 12 view .LVU263
 776 0008 9840     		lsls	r0, r0, r3
 777              	.LVL65:
 481:Drivers/STM32L0xx_HAL_Driver/Src/stm32l0xx_hal_exti.c **** 
 482:Drivers/STM32L0xx_HAL_Driver/Src/stm32l0xx_hal_exti.c ****   /* return 1 if bit is set else 0 */
 483:Drivers/STM32L0xx_HAL_Driver/Src/stm32l0xx_hal_exti.c ****   regval = ((EXTI->PR & maskline) >> linepos);
 778              		.loc 1 483 3 is_stmt 1 view .LVU264
 779              		.loc 1 483 18 is_stmt 0 view .LVU265
 780 000a 024A     		ldr	r2, .L50
 781 000c 5269     		ldr	r2, [r2, #20]
 782              		.loc 1 483 23 view .LVU266
 783 000e 1040     		ands	r0, r2
 784              	.LVL66:
 785              		.loc 1 483 10 view .LVU267
 786 0010 D840     		lsrs	r0, r0, r3
 787              	.LVL67:
 484:Drivers/STM32L0xx_HAL_Driver/Src/stm32l0xx_hal_exti.c ****   return regval;
 788              		.loc 1 484 3 is_stmt 1 view .LVU268
 485:Drivers/STM32L0xx_HAL_Driver/Src/stm32l0xx_hal_exti.c **** }
 789              		.loc 1 485 1 is_stmt 0 view .LVU269
 790              		@ sp needed
 791 0012 7047     		bx	lr
 792              	.L51:
 793              		.align	2
 794              	.L50:
 795 0014 00040140 		.word	1073808384
 796              		.cfi_endproc
 797              	.LFE46:
 799              		.section	.text.HAL_EXTI_ClearPending,"ax",%progbits
 800              		.align	1
 801              		.global	HAL_EXTI_ClearPending
 802              		.syntax unified
 803              		.code	16
 804              		.thumb_func
 806              	HAL_EXTI_ClearPending:
 807              	.LVL68:
 808              	.LFB47:
 486:Drivers/STM32L0xx_HAL_Driver/Src/stm32l0xx_hal_exti.c **** 
 487:Drivers/STM32L0xx_HAL_Driver/Src/stm32l0xx_hal_exti.c **** /**
 488:Drivers/STM32L0xx_HAL_Driver/Src/stm32l0xx_hal_exti.c ****   * @brief  Clear interrupt pending bit of a dedicated line.
 489:Drivers/STM32L0xx_HAL_Driver/Src/stm32l0xx_hal_exti.c ****   * @param  hexti Exti handle.
 490:Drivers/STM32L0xx_HAL_Driver/Src/stm32l0xx_hal_exti.c ****   * @param  Edge Specify which pending edge as to be clear.
 491:Drivers/STM32L0xx_HAL_Driver/Src/stm32l0xx_hal_exti.c ****   *         This parameter can be one of the following values:
 492:Drivers/STM32L0xx_HAL_Driver/Src/stm32l0xx_hal_exti.c ****   *           @arg @ref EXTI_TRIGGER_RISING_FALLING
 493:Drivers/STM32L0xx_HAL_Driver/Src/stm32l0xx_hal_exti.c ****   *         This parameter is kept for compatibility with other series.
 494:Drivers/STM32L0xx_HAL_Driver/Src/stm32l0xx_hal_exti.c ****   * @retval None.
 495:Drivers/STM32L0xx_HAL_Driver/Src/stm32l0xx_hal_exti.c ****   */
 496:Drivers/STM32L0xx_HAL_Driver/Src/stm32l0xx_hal_exti.c **** void HAL_EXTI_ClearPending(EXTI_HandleTypeDef *hexti, uint32_t Edge)
 497:Drivers/STM32L0xx_HAL_Driver/Src/stm32l0xx_hal_exti.c **** {
 809              		.loc 1 497 1 is_stmt 1 view -0
 810              		.cfi_startproc
 811              		@ args = 0, pretend = 0, frame = 0
 812              		@ frame_needed = 0, uses_anonymous_args = 0
 813              		@ link register save eliminated.
 498:Drivers/STM32L0xx_HAL_Driver/Src/stm32l0xx_hal_exti.c ****   uint32_t maskline;
 814              		.loc 1 498 3 view .LVU271
 499:Drivers/STM32L0xx_HAL_Driver/Src/stm32l0xx_hal_exti.c **** 
ARM GAS  C:\Users\jarne\AppData\Local\Temp\ccVk9lmc.s 			page 25


 500:Drivers/STM32L0xx_HAL_Driver/Src/stm32l0xx_hal_exti.c ****   /* Check parameters */
 501:Drivers/STM32L0xx_HAL_Driver/Src/stm32l0xx_hal_exti.c ****   assert_param(IS_EXTI_LINE(hexti->Line));
 815              		.loc 1 501 3 view .LVU272
 502:Drivers/STM32L0xx_HAL_Driver/Src/stm32l0xx_hal_exti.c ****   assert_param(IS_EXTI_CONFIG_LINE(hexti->Line));
 816              		.loc 1 502 3 view .LVU273
 503:Drivers/STM32L0xx_HAL_Driver/Src/stm32l0xx_hal_exti.c ****   assert_param(IS_EXTI_PENDING_EDGE(Edge));
 817              		.loc 1 503 3 view .LVU274
 504:Drivers/STM32L0xx_HAL_Driver/Src/stm32l0xx_hal_exti.c **** 
 505:Drivers/STM32L0xx_HAL_Driver/Src/stm32l0xx_hal_exti.c ****   /* Compute line mask */
 506:Drivers/STM32L0xx_HAL_Driver/Src/stm32l0xx_hal_exti.c ****   maskline = (1uL << (hexti->Line & EXTI_PIN_MASK));
 818              		.loc 1 506 3 view .LVU275
 819              		.loc 1 506 28 is_stmt 0 view .LVU276
 820 0000 0368     		ldr	r3, [r0]
 821              		.loc 1 506 35 view .LVU277
 822 0002 1F22     		movs	r2, #31
 823 0004 1A40     		ands	r2, r3
 824              		.loc 1 506 12 view .LVU278
 825 0006 0123     		movs	r3, #1
 826 0008 9340     		lsls	r3, r3, r2
 827              	.LVL69:
 507:Drivers/STM32L0xx_HAL_Driver/Src/stm32l0xx_hal_exti.c **** 
 508:Drivers/STM32L0xx_HAL_Driver/Src/stm32l0xx_hal_exti.c ****   /* Clear Pending bit */
 509:Drivers/STM32L0xx_HAL_Driver/Src/stm32l0xx_hal_exti.c ****   EXTI->PR =  maskline;
 828              		.loc 1 509 3 is_stmt 1 view .LVU279
 829              		.loc 1 509 12 is_stmt 0 view .LVU280
 830 000a 014A     		ldr	r2, .L53
 831 000c 5361     		str	r3, [r2, #20]
 510:Drivers/STM32L0xx_HAL_Driver/Src/stm32l0xx_hal_exti.c **** }
 832              		.loc 1 510 1 view .LVU281
 833              		@ sp needed
 834 000e 7047     		bx	lr
 835              	.L54:
 836              		.align	2
 837              	.L53:
 838 0010 00040140 		.word	1073808384
 839              		.cfi_endproc
 840              	.LFE47:
 842              		.section	.text.HAL_EXTI_GenerateSWI,"ax",%progbits
 843              		.align	1
 844              		.global	HAL_EXTI_GenerateSWI
 845              		.syntax unified
 846              		.code	16
 847              		.thumb_func
 849              	HAL_EXTI_GenerateSWI:
 850              	.LVL70:
 851              	.LFB48:
 511:Drivers/STM32L0xx_HAL_Driver/Src/stm32l0xx_hal_exti.c **** 
 512:Drivers/STM32L0xx_HAL_Driver/Src/stm32l0xx_hal_exti.c **** /**
 513:Drivers/STM32L0xx_HAL_Driver/Src/stm32l0xx_hal_exti.c ****   * @brief  Generate a software interrupt for a dedicated line.
 514:Drivers/STM32L0xx_HAL_Driver/Src/stm32l0xx_hal_exti.c ****   * @param  hexti Exti handle.
 515:Drivers/STM32L0xx_HAL_Driver/Src/stm32l0xx_hal_exti.c ****   * @retval None.
 516:Drivers/STM32L0xx_HAL_Driver/Src/stm32l0xx_hal_exti.c ****   */
 517:Drivers/STM32L0xx_HAL_Driver/Src/stm32l0xx_hal_exti.c **** void HAL_EXTI_GenerateSWI(EXTI_HandleTypeDef *hexti)
 518:Drivers/STM32L0xx_HAL_Driver/Src/stm32l0xx_hal_exti.c **** {
 852              		.loc 1 518 1 is_stmt 1 view -0
 853              		.cfi_startproc
 854              		@ args = 0, pretend = 0, frame = 0
ARM GAS  C:\Users\jarne\AppData\Local\Temp\ccVk9lmc.s 			page 26


 855              		@ frame_needed = 0, uses_anonymous_args = 0
 856              		@ link register save eliminated.
 519:Drivers/STM32L0xx_HAL_Driver/Src/stm32l0xx_hal_exti.c ****   uint32_t maskline;
 857              		.loc 1 519 3 view .LVU283
 520:Drivers/STM32L0xx_HAL_Driver/Src/stm32l0xx_hal_exti.c **** 
 521:Drivers/STM32L0xx_HAL_Driver/Src/stm32l0xx_hal_exti.c ****   /* Check parameters */
 522:Drivers/STM32L0xx_HAL_Driver/Src/stm32l0xx_hal_exti.c ****   assert_param(IS_EXTI_LINE(hexti->Line));
 858              		.loc 1 522 3 view .LVU284
 523:Drivers/STM32L0xx_HAL_Driver/Src/stm32l0xx_hal_exti.c ****   assert_param(IS_EXTI_CONFIG_LINE(hexti->Line));
 859              		.loc 1 523 3 view .LVU285
 524:Drivers/STM32L0xx_HAL_Driver/Src/stm32l0xx_hal_exti.c **** 
 525:Drivers/STM32L0xx_HAL_Driver/Src/stm32l0xx_hal_exti.c ****   /* Compute line mask */
 526:Drivers/STM32L0xx_HAL_Driver/Src/stm32l0xx_hal_exti.c ****   maskline = (1uL << (hexti->Line & EXTI_PIN_MASK));
 860              		.loc 1 526 3 view .LVU286
 861              		.loc 1 526 28 is_stmt 0 view .LVU287
 862 0000 0368     		ldr	r3, [r0]
 863              		.loc 1 526 35 view .LVU288
 864 0002 1F22     		movs	r2, #31
 865 0004 1A40     		ands	r2, r3
 866              		.loc 1 526 12 view .LVU289
 867 0006 0123     		movs	r3, #1
 868 0008 9340     		lsls	r3, r3, r2
 869              	.LVL71:
 527:Drivers/STM32L0xx_HAL_Driver/Src/stm32l0xx_hal_exti.c **** 
 528:Drivers/STM32L0xx_HAL_Driver/Src/stm32l0xx_hal_exti.c ****   /* Generate Software interrupt */
 529:Drivers/STM32L0xx_HAL_Driver/Src/stm32l0xx_hal_exti.c ****   EXTI->SWIER = maskline;
 870              		.loc 1 529 3 is_stmt 1 view .LVU290
 871              		.loc 1 529 15 is_stmt 0 view .LVU291
 872 000a 014A     		ldr	r2, .L56
 873 000c 1361     		str	r3, [r2, #16]
 530:Drivers/STM32L0xx_HAL_Driver/Src/stm32l0xx_hal_exti.c **** }
 874              		.loc 1 530 1 view .LVU292
 875              		@ sp needed
 876 000e 7047     		bx	lr
 877              	.L57:
 878              		.align	2
 879              	.L56:
 880 0010 00040140 		.word	1073808384
 881              		.cfi_endproc
 882              	.LFE48:
 884              		.text
 885              	.Letext0:
 886              		.file 2 "c:\\users\\jarne\\appdata\\roaming\\code\\user\\globalstorage\\bmd.stm32-for-vscode\\@xpa
 887              		.file 3 "c:\\users\\jarne\\appdata\\roaming\\code\\user\\globalstorage\\bmd.stm32-for-vscode\\@xpa
 888              		.file 4 "Drivers/CMSIS/Device/ST/STM32L0xx/Include/stm32l011xx.h"
 889              		.file 5 "Drivers/STM32L0xx_HAL_Driver/Inc/stm32l0xx_hal_def.h"
 890              		.file 6 "Drivers/STM32L0xx_HAL_Driver/Inc/stm32l0xx_hal_exti.h"
ARM GAS  C:\Users\jarne\AppData\Local\Temp\ccVk9lmc.s 			page 27


DEFINED SYMBOLS
                            *ABS*:0000000000000000 stm32l0xx_hal_exti.c
C:\Users\jarne\AppData\Local\Temp\ccVk9lmc.s:19     .text.HAL_EXTI_SetConfigLine:0000000000000000 $t
C:\Users\jarne\AppData\Local\Temp\ccVk9lmc.s:25     .text.HAL_EXTI_SetConfigLine:0000000000000000 HAL_EXTI_SetConfigLine
C:\Users\jarne\AppData\Local\Temp\ccVk9lmc.s:247    .text.HAL_EXTI_SetConfigLine:00000000000000b8 $d
C:\Users\jarne\AppData\Local\Temp\ccVk9lmc.s:253    .text.HAL_EXTI_GetConfigLine:0000000000000000 $t
C:\Users\jarne\AppData\Local\Temp\ccVk9lmc.s:259    .text.HAL_EXTI_GetConfigLine:0000000000000000 HAL_EXTI_GetConfigLine
C:\Users\jarne\AppData\Local\Temp\ccVk9lmc.s:437    .text.HAL_EXTI_GetConfigLine:0000000000000094 $d
C:\Users\jarne\AppData\Local\Temp\ccVk9lmc.s:443    .text.HAL_EXTI_ClearConfigLine:0000000000000000 $t
C:\Users\jarne\AppData\Local\Temp\ccVk9lmc.s:449    .text.HAL_EXTI_ClearConfigLine:0000000000000000 HAL_EXTI_ClearConfigLine
C:\Users\jarne\AppData\Local\Temp\ccVk9lmc.s:589    .text.HAL_EXTI_ClearConfigLine:0000000000000068 $d
C:\Users\jarne\AppData\Local\Temp\ccVk9lmc.s:595    .text.HAL_EXTI_RegisterCallback:0000000000000000 $t
C:\Users\jarne\AppData\Local\Temp\ccVk9lmc.s:601    .text.HAL_EXTI_RegisterCallback:0000000000000000 HAL_EXTI_RegisterCallback
C:\Users\jarne\AppData\Local\Temp\ccVk9lmc.s:636    .text.HAL_EXTI_GetHandle:0000000000000000 $t
C:\Users\jarne\AppData\Local\Temp\ccVk9lmc.s:642    .text.HAL_EXTI_GetHandle:0000000000000000 HAL_EXTI_GetHandle
C:\Users\jarne\AppData\Local\Temp\ccVk9lmc.s:677    .text.HAL_EXTI_IRQHandler:0000000000000000 $t
C:\Users\jarne\AppData\Local\Temp\ccVk9lmc.s:683    .text.HAL_EXTI_IRQHandler:0000000000000000 HAL_EXTI_IRQHandler
C:\Users\jarne\AppData\Local\Temp\ccVk9lmc.s:739    .text.HAL_EXTI_IRQHandler:0000000000000024 $d
C:\Users\jarne\AppData\Local\Temp\ccVk9lmc.s:744    .text.HAL_EXTI_GetPending:0000000000000000 $t
C:\Users\jarne\AppData\Local\Temp\ccVk9lmc.s:750    .text.HAL_EXTI_GetPending:0000000000000000 HAL_EXTI_GetPending
C:\Users\jarne\AppData\Local\Temp\ccVk9lmc.s:795    .text.HAL_EXTI_GetPending:0000000000000014 $d
C:\Users\jarne\AppData\Local\Temp\ccVk9lmc.s:800    .text.HAL_EXTI_ClearPending:0000000000000000 $t
C:\Users\jarne\AppData\Local\Temp\ccVk9lmc.s:806    .text.HAL_EXTI_ClearPending:0000000000000000 HAL_EXTI_ClearPending
C:\Users\jarne\AppData\Local\Temp\ccVk9lmc.s:838    .text.HAL_EXTI_ClearPending:0000000000000010 $d
C:\Users\jarne\AppData\Local\Temp\ccVk9lmc.s:843    .text.HAL_EXTI_GenerateSWI:0000000000000000 $t
C:\Users\jarne\AppData\Local\Temp\ccVk9lmc.s:849    .text.HAL_EXTI_GenerateSWI:0000000000000000 HAL_EXTI_GenerateSWI
C:\Users\jarne\AppData\Local\Temp\ccVk9lmc.s:880    .text.HAL_EXTI_GenerateSWI:0000000000000010 $d

NO UNDEFINED SYMBOLS
